
> roadrunner@0.0.0 start /var/roadrunner
> node ./bin/www

false
[0mGET /Account [32m200 [0m11.697 ms - 4754[0m
[0mGET /stylesheets/font-awesome.css [36m304 [0m2.305 ms - -[0m
[0mGET /stylesheets/main.css [36m304 [0m0.836 ms - -[0m
[0mGET /stylesheets/_bootmetro.css [36m304 [0m0.416 ms - -[0m
[0mGET /stylesheets/registration.css [36m304 [0m0.608 ms - -[0m
[0mGET /stylesheets/rrweb.css [36m304 [0m0.337 ms - -[0m
[0mGET /javascripts/modernizr-2.6.2-respond-1.1.0.js [36m304 [0m0.505 ms - -[0m
[0mGET /stylesheets/bootmetro-icons.css [36m304 [0m0.334 ms - -[0m
[0mGET /stylesheets/bootmetro-responsive.css [36m304 [0m0.543 ms - -[0m
[0mGET /javascripts/app.js [36m304 [0m0.354 ms - -[0m
[0mGET /javascripts/angular.js [36m304 [0m1.120 ms - -[0m
[0mGET /javascripts/angular-resource.js [36m304 [0m1.235 ms - -[0m
[0mGET /stylesheets/bootmetro.css [32m200 [0m383.759 ms - 233826[0m
[0mGET /javascripts/angular.js [36m304 [0m0.557 ms - -[0m
[0mGET /images/mainLogo.png [36m304 [0m0.546 ms - -[0m
[Error: /usr/local/lib/node_modules/mongodb/node_modules/bson/build/Release/bson.node: invalid ELF header]
js-bson: Failed to load c++ bson extension, using pure JS version
[0mGET /getRoutes/agolotin/a/null [36m304 [0m129.596 ms - -[0m
in users getUserData POST method
{ username: 'agolotin', password: 'a' }
in call to db: a
validating user
[ { first_name: 'Artem',
    last_name: 'Golotin',
    username: 'agolotin',
    password: 'a',
    email: 'artem.golotin@gmail.com',
    birthdate: Sun Dec 03 1995 07:00:00 GMT+0000 (UTC),
    _id: 5533b20fdf29fe052046d372,
    __v: 0 } ]
valid user
[0mPOST /GetUserData/ [32m200 [0m66.311 ms - 81[0m
[0mGET / [36m304 [0m7.241 ms - -[0m
[0mGET /stylesheets/font-awesome.css [36m304 [0m1.761 ms - -[0m
[0mGET /stylesheets/main.css [36m304 [0m0.339 ms - -[0m
[0mGET /stylesheets/_bootmetro.css [36m304 [0m0.506 ms - -[0m
[0mGET /stylesheets/bootmetro.css [36m304 [0m0.310 ms - -[0m
[0mGET /stylesheets/registration.css [36m304 [0m0.479 ms - -[0m
[0mGET /stylesheets/rrweb.css [36m304 [0m0.771 ms - -[0m
[0mGET /stylesheets/bootmetro-responsive.css [36m304 [0m0.640 ms - -[0m
[0mGET /stylesheets/bootmetro-icons.css [36m304 [0m0.403 ms - -[0m
[0mGET /javascripts/modernizr-2.6.2-respond-1.1.0.js [36m304 [0m0.905 ms - -[0m
[0mGET /javascripts/angular.js [36m304 [0m0.838 ms - -[0m
[0mGET /javascripts/angular-resource.js [36m304 [0m0.757 ms - -[0m
[0mGET /javascripts/app.js [36m304 [0m0.427 ms - -[0m
[0mGET /images/RoadRunner.png [36m304 [0m0.340 ms - -[0m
[0mGET /images/zoom_out.png [36m304 [0m1.690 ms - -[0m
[0mGET /images/zoom_in.png [36m304 [0m1.436 ms - -[0m
[0mGET /images/mainLogo.png [36m304 [0m0.546 ms - -[0m
false
[0mGET /Account [36m304 [0m1.414 ms - -[0m
[0mGET /stylesheets/font-awesome.css [36m304 [0m0.369 ms - -[0m
[0mGET /stylesheets/main.css [36m304 [0m0.811 ms - -[0m
[0mGET /stylesheets/_bootmetro.css [36m304 [0m0.390 ms - -[0m
[0mGET /stylesheets/bootmetro-responsive.css [36m304 [0m0.341 ms - -[0m
[0mGET /stylesheets/bootmetro-icons.css [36m304 [0m0.490 ms - -[0m
[0mGET /stylesheets/bootmetro.css [36m304 [0m0.333 ms - -[0m
[0mGET /javascripts/modernizr-2.6.2-respond-1.1.0.js [36m304 [0m0.313 ms - -[0m
[0mGET /stylesheets/rrweb.css [36m304 [0m0.781 ms - -[0m
[0mGET /javascripts/angular.js [36m304 [0m0.753 ms - -[0m
[0mGET /javascripts/angular-resource.js [36m304 [0m0.545 ms - -[0m
[0mGET /stylesheets/registration.css [36m304 [0m0.374 ms - -[0m
[0mGET /javascripts/app.js [36m304 [0m0.501 ms - -[0m
[0mGET /images/mainLogo.png [36m304 [0m0.438 ms - -[0m
[0mGET /getRoutes/agolotin/a/null [36m304 [0m11.117 ms - -[0m
in users getUserData POST method
{ username: 'agolotin', password: 'a' }
in call to db: a
validating user
[ { first_name: 'Artem',
    last_name: 'Golotin',
    username: 'agolotin',
    password: 'a',
    email: 'artem.golotin@gmail.com',
    birthdate: Sun Dec 03 1995 07:00:00 GMT+0000 (UTC),
    _id: 5533b20fdf29fe052046d372,
    __v: 0 } ]
valid user
[0mPOST /GetUserData/ [32m200 [0m114.635 ms - 81[0m
[0mGET / [36m304 [0m1.908 ms - -[0m
[0mGET /stylesheets/main.css [36m304 [0m0.423 ms - -[0m
[0mGET /stylesheets/bootmetro.css [36m304 [0m0.814 ms - -[0m
[0mGET /stylesheets/_bootmetro.css [36m304 [0m1.216 ms - -[0m
[0mGET /stylesheets/bootmetro-icons.css [36m304 [0m0.786 ms - -[0m
[0mGET /stylesheets/font-awesome.css [36m304 [0m0.503 ms - -[0m
[0mGET /stylesheets/bootmetro-responsive.css [36m304 [0m0.331 ms - -[0m
[0mGET /stylesheets/registration.css [36m304 [0m0.370 ms - -[0m
[0mGET /javascripts/modernizr-2.6.2-respond-1.1.0.js [36m304 [0m1.156 ms - -[0m
[0mGET /javascripts/angular.js [36m304 [0m0.809 ms - -[0m
[0mGET /javascripts/angular-resource.js [36m304 [0m0.367 ms - -[0m
[0mGET /javascripts/app.js [36m304 [0m0.809 ms - -[0m
[0mGET /stylesheets/rrweb.css [36m304 [0m0.810 ms - -[0m
[0mGET /images/RoadRunner.png [36m304 [0m0.516 ms - -[0m
[0mGET /images/zoom_in.png [36m304 [0m0.369 ms - -[0m
[0mGET /images/zoom_out.png [36m304 [0m0.862 ms - -[0m
[0mGET /javascripts/angular.js [36m304 [0m0.551 ms - -[0m
[0mGET /images/mainLogo.png [36m304 [0m0.591 ms - -[0m
[0mGET /getRoutes/agolotin/a/16k [36m304 [0m11.912 ms - -[0m
[0mGET /AboutUs [36m304 [0m1.613 ms - -[0m
[0mGET /stylesheets/_bootmetro.css [36m304 [0m1.117 ms - -[0m
[0mGET /stylesheets/font-awesome.css [36m304 [0m0.404 ms - -[0m
[0mGET /stylesheets/main.css [36m304 [0m1.028 ms - -[0m
[0mGET /stylesheets/bootmetro-responsive.css [36m304 [0m0.957 ms - -[0m
[0mGET /stylesheets/bootmetro-icons.css [36m304 [0m7.866 ms - -[0m
[0mGET /stylesheets/bootmetro.css [36m304 [0m0.549 ms - -[0m
[0mGET /stylesheets/rrweb.css [36m304 [0m0.418 ms - -[0m
[0mGET /javascripts/modernizr-2.6.2-respond-1.1.0.js [36m304 [0m1.025 ms - -[0m
[0mGET /javascripts/angular.js [36m304 [0m0.587 ms - -[0m
[0mGET /stylesheets/aboutus.css [36m304 [0m0.556 ms - -[0m
[0mGET /stylesheets/registration.css [36m304 [0m0.317 ms - -[0m
[0mGET /javascripts/angular-resource.js [36m304 [0m0.290 ms - -[0m
[0mGET /javascripts/app.js [36m304 [0m0.572 ms - -[0m
[0mGET /javascripts/angular.js [36m304 [0m0.376 ms - -[0m
[0mGET /images/mainLogo.png [36m304 [0m0.542 ms - -[0m
[0mGET /images/Hayden.jpg [36m304 [0m0.513 ms - -[0m
[0mGET /images/Artem.jpg [36m304 [0m0.433 ms - -[0m
[0mGET /images/Jon.jpg [36m304 [0m0.310 ms - -[0m
[0mGET /Contact [36m304 [0m1.564 ms - -[0m
[0mGET /stylesheets/font-awesome.css [36m304 [0m0.501 ms - -[0m
[0mGET /stylesheets/_bootmetro.css [36m304 [0m0.361 ms - -[0m
[0mGET /stylesheets/bootmetro.css [36m304 [0m0.313 ms - -[0m
[0mGET /stylesheets/bootmetro-responsive.css [36m304 [0m0.387 ms - -[0m
[0mGET /stylesheets/bootmetro-icons.css [36m304 [0m0.353 ms - -[0m
[0mGET /stylesheets/main.css [36m304 [0m0.358 ms - -[0m
[0mGET /stylesheets/registration.css [36m304 [0m0.317 ms - -[0m
[0mGET /stylesheets/rrweb.css [36m304 [0m0.371 ms - -[0m
[0mGET /javascripts/modernizr-2.6.2-respond-1.1.0.js [36m304 [0m0.294 ms - -[0m
[0mGET /javascripts/angular-resource.js [36m304 [0m0.284 ms - -[0m
[0mGET /javascripts/angular.js [36m304 [0m0.334 ms - -[0m
[0mGET /javascripts/app.js [36m304 [0m0.355 ms - -[0m
[0mGET /images/contact.png [36m304 [0m0.338 ms - -[0m
[0mGET /images/location.png [36m304 [0m0.373 ms - -[0m
[0mGET /images/mainLogo.png [36m304 [0m0.497 ms - -[0m
false
[0mGET /Account [36m304 [0m2.684 ms - -[0m
[0mGET /stylesheets/font-awesome.css [36m304 [0m0.608 ms - -[0m
[0mGET /stylesheets/main.css [36m304 [0m0.580 ms - -[0m
[0mGET /stylesheets/_bootmetro.css [36m304 [0m0.324 ms - -[0m
[0mGET /stylesheets/bootmetro.css [36m304 [0m0.312 ms - -[0m
[0mGET /stylesheets/bootmetro-responsive.css [36m304 [0m0.484 ms - -[0m
[0mGET /stylesheets/registration.css [36m304 [0m0.335 ms - -[0m
[0mGET /stylesheets/rrweb.css [36m304 [0m0.305 ms - -[0m
[0mGET /javascripts/modernizr-2.6.2-respond-1.1.0.js [36m304 [0m0.443 ms - -[0m
[0mGET /stylesheets/bootmetro-icons.css [36m304 [0m0.334 ms - -[0m
[0mGET /javascripts/angular.js [36m304 [0m0.318 ms - -[0m
[0mGET /javascripts/angular-resource.js [36m304 [0m0.307 ms - -[0m
[0mGET /javascripts/app.js [36m304 [0m0.345 ms - -[0m
[0mGET /javascripts/angular.js [36m304 [0m0.561 ms - -[0m
[0mGET /images/mainLogo.png [36m304 [0m1.168 ms - -[0m
[0mGET /getRoutes/agolotin/a/null [36m304 [0m9.601 ms - -[0m
in users getUserData POST method
{ username: 'agolotin', password: 'a' }
in call to db: a
validating user
[ { first_name: 'Artem',
    last_name: 'Golotin',
    username: 'agolotin',
    password: 'a',
    email: 'artem.golotin@gmail.com',
    birthdate: Sun Dec 03 1995 07:00:00 GMT+0000 (UTC),
    _id: 5533b20fdf29fe052046d372,
    __v: 0 } ]
valid user
[0mPOST /GetUserData/ [32m200 [0m71.538 ms - 81[0m
[0mGET / [36m304 [0m1.290 ms - -[0m
[0mGET /stylesheets/font-awesome.css [36m304 [0m0.368 ms - -[0m
[0mGET /stylesheets/main.css [36m304 [0m0.647 ms - -[0m
[0mGET /stylesheets/bootmetro-icons.css [36m304 [0m0.347 ms - -[0m
[0mGET /stylesheets/_bootmetro.css [36m304 [0m0.449 ms - -[0m
[0mGET /stylesheets/bootmetro-responsive.css [36m304 [0m0.323 ms - -[0m
[0mGET /stylesheets/bootmetro.css [36m304 [0m0.357 ms - -[0m
[0mGET /stylesheets/registration.css [36m304 [0m0.555 ms - -[0m
[0mGET /stylesheets/rrweb.css [36m304 [0m0.479 ms - -[0m
[0mGET /javascripts/modernizr-2.6.2-respond-1.1.0.js [36m304 [0m0.411 ms - -[0m
[0mGET /javascripts/angular-resource.js [36m304 [0m4.670 ms - -[0m
[0mGET /javascripts/app.js [36m304 [0m2.661 ms - -[0m
[0mGET /javascripts/angular.js [36m304 [0m2.504 ms - -[0m
[0mGET /images/RoadRunner.png [36m304 [0m1.065 ms - -[0m
[0mGET /images/zoom_out.png [36m304 [0m0.392 ms - -[0m
[0mGET /images/zoom_in.png [36m304 [0m0.352 ms - -[0m
[0mGET /images/mainLogo.png [36m304 [0m0.713 ms - -[0m
false
[0mGET /Account [36m304 [0m1.826 ms - -[0m
[0mGET /stylesheets/main.css [36m304 [0m0.585 ms - -[0m
[0mGET /stylesheets/bootmetro.css [36m304 [0m0.340 ms - -[0m
[0mGET /stylesheets/bootmetro-icons.css [36m304 [0m0.755 ms - -[0m
[0mGET /stylesheets/bootmetro-responsive.css [36m304 [0m0.741 ms - -[0m
[0mGET /stylesheets/_bootmetro.css [36m304 [0m0.369 ms - -[0m
[0mGET /stylesheets/registration.css [36m304 [0m0.645 ms - -[0m
[0mGET /stylesheets/rrweb.css [36m304 [0m0.333 ms - -[0m
[0mGET /javascripts/modernizr-2.6.2-respond-1.1.0.js [36m304 [0m0.347 ms - -[0m
[0mGET /javascripts/angular.js [36m304 [0m1.515 ms - -[0m
[0mGET /javascripts/angular-resource.js [36m304 [0m0.521 ms - -[0m
[0mGET /stylesheets/font-awesome.css [36m304 [0m0.343 ms - -[0m
[0mGET /javascripts/app.js [36m304 [0m0.339 ms - -[0m
[0mGET /images/mainLogo.png [36m304 [0m0.515 ms - -[0m
[0mGET /getRoutes/agolotin/a/null [36m304 [0m9.220 ms - -[0m
in users getUserData POST method
{ username: 'agolotin', password: 'a' }
in call to db: a
validating user
[ { first_name: 'Artem',
    last_name: 'Golotin',
    username: 'agolotin',
    password: 'a',
    email: 'artem.golotin@gmail.com',
    birthdate: Sun Dec 03 1995 07:00:00 GMT+0000 (UTC),
    _id: 5533b20fdf29fe052046d372,
    __v: 0 } ]
valid user
[0mPOST /GetUserData/ [32m200 [0m73.691 ms - 81[0m
[0mGET / [36m304 [0m1.090 ms - -[0m
[0mGET /stylesheets/font-awesome.css [36m304 [0m0.344 ms - -[0m
[0mGET /stylesheets/bootmetro-icons.css [36m304 [0m0.312 ms - -[0m
[0mGET /stylesheets/bootmetro-responsive.css [36m304 [0m0.318 ms - -[0m
[0mGET /stylesheets/main.css [36m304 [0m0.724 ms - -[0m
[0mGET /stylesheets/registration.css [36m304 [0m0.318 ms - -[0m
[0mGET /stylesheets/bootmetro.css [36m304 [0m0.307 ms - -[0m
[0mGET /stylesheets/rrweb.css [36m304 [0m0.339 ms - -[0m
[0mGET /javascripts/modernizr-2.6.2-respond-1.1.0.js [36m304 [0m0.333 ms - -[0m
[0mGET /stylesheets/_bootmetro.css [36m304 [0m0.301 ms - -[0m
[0mGET /javascripts/angular.js [36m304 [0m0.531 ms - -[0m
[0mGET /javascripts/angular-resource.js [36m304 [0m0.542 ms - -[0m
[0mGET /javascripts/app.js [36m304 [0m0.356 ms - -[0m
[0mGET /images/RoadRunner.png [36m304 [0m0.299 ms - -[0m
[0mGET /images/zoom_out.png [36m304 [0m0.504 ms - -[0m
[0mGET /images/zoom_in.png [36m304 [0m0.295 ms - -[0m
[0mGET /images/mainLogo.png [36m304 [0m0.529 ms - -[0m
false
[0mGET /Account [36m304 [0m1.801 ms - -[0m
[0mGET /stylesheets/font-awesome.css [36m304 [0m0.541 ms - -[0m
[0mGET /stylesheets/bootmetro-icons.css [36m304 [0m0.379 ms - -[0m
[0mGET /stylesheets/main.css [36m304 [0m1.119 ms - -[0m
[0mGET /stylesheets/bootmetro.css [36m304 [0m0.347 ms - -[0m
[0mGET /stylesheets/_bootmetro.css [36m304 [0m0.355 ms - -[0m
[0mGET /stylesheets/registration.css [36m304 [0m0.322 ms - -[0m
[0mGET /stylesheets/bootmetro-responsive.css [36m304 [0m0.321 ms - -[0m
[0mGET /stylesheets/rrweb.css [36m304 [0m0.334 ms - -[0m
[0mGET /javascripts/modernizr-2.6.2-respond-1.1.0.js [36m304 [0m0.399 ms - -[0m
[0mGET /javascripts/angular-resource.js [36m304 [0m0.421 ms - -[0m
[0mGET /javascripts/angular.js [36m304 [0m0.351 ms - -[0m
[0mGET /javascripts/app.js [36m304 [0m0.430 ms - -[0m
[0mGET /images/mainLogo.png [36m304 [0m0.403 ms - -[0m
[0mGET /getRoutes/agolotin/a/null [36m304 [0m10.859 ms - -[0m
in users getUserData POST method
{ username: 'agolotin', password: 'a' }
in call to db: a
validating user
[ { first_name: 'Artem',
    last_name: 'Golotin',
    username: 'agolotin',
    password: 'a',
    email: 'artem.golotin@gmail.com',
    birthdate: Sun Dec 03 1995 07:00:00 GMT+0000 (UTC),
    _id: 5533b20fdf29fe052046d372,
    __v: 0 } ]
valid user
[0mPOST /GetUserData/ [32m200 [0m116.961 ms - 81[0m
[0mGET / [36m304 [0m1.048 ms - -[0m
[0mGET /stylesheets/font-awesome.css [36m304 [0m0.570 ms - -[0m
[0mGET /stylesheets/bootmetro-responsive.css [36m304 [0m0.321 ms - -[0m
[0mGET /stylesheets/bootmetro-icons.css [36m304 [0m0.345 ms - -[0m
[0mGET /stylesheets/bootmetro.css [36m304 [0m0.307 ms - -[0m
[0mGET /stylesheets/_bootmetro.css [36m304 [0m0.356 ms - -[0m
[0mGET /stylesheets/main.css [36m304 [0m0.338 ms - -[0m
[0mGET /stylesheets/registration.css [36m304 [0m0.497 ms - -[0m
[0mGET /stylesheets/rrweb.css [36m304 [0m0.307 ms - -[0m
[0mGET /javascripts/modernizr-2.6.2-respond-1.1.0.js [36m304 [0m0.330 ms - -[0m
[0mGET /javascripts/angular.js [36m304 [0m0.282 ms - -[0m
[0mGET /javascripts/angular-resource.js [36m304 [0m0.538 ms - -[0m
[0mGET /javascripts/app.js [36m304 [0m0.389 ms - -[0m
[0mGET /images/RoadRunner.png [36m304 [0m0.411 ms - -[0m
[0mGET /images/zoom_in.png [36m304 [0m0.545 ms - -[0m
[0mGET /images/zoom_out.png [36m304 [0m0.437 ms - -[0m
[0mGET /images/mainLogo.png [36m304 [0m0.544 ms - -[0m
[0mGET /AboutUs [36m304 [0m1.272 ms - -[0m
[0mGET /stylesheets/font-awesome.css [36m304 [0m0.429 ms - -[0m
[0mGET /stylesheets/registration.css [36m304 [0m0.383 ms - -[0m
[0mGET /stylesheets/bootmetro-icons.css [36m304 [0m0.414 ms - -[0m
[0mGET /stylesheets/rrweb.css [36m304 [0m0.395 ms - -[0m
[0mGET /stylesheets/main.css [36m304 [0m0.472 ms - -[0m
[0mGET /stylesheets/_bootmetro.css [36m304 [0m0.390 ms - -[0m
[0mGET /stylesheets/bootmetro.css [36m304 [0m0.369 ms - -[0m
[0mGET /stylesheets/bootmetro-responsive.css [36m304 [0m0.644 ms - -[0m
[0mGET /stylesheets/aboutus.css [36m304 [0m0.648 ms - -[0m
[0mGET /javascripts/modernizr-2.6.2-respond-1.1.0.js [36m304 [0m0.381 ms - -[0m
[0mGET /javascripts/angular.js [36m304 [0m0.341 ms - -[0m
[0mGET /javascripts/angular-resource.js [36m304 [0m0.321 ms - -[0m
[0mGET /javascripts/app.js [36m304 [0m0.339 ms - -[0m
[0mGET /images/mainLogo.png [36m304 [0m0.561 ms - -[0m
false
[0mGET /Account [36m304 [0m1.051 ms - -[0m
[0mGET /stylesheets/font-awesome.css [36m304 [0m0.627 ms - -[0m
[0mGET /stylesheets/bootmetro.css [36m304 [0m0.596 ms - -[0m
[0mGET /stylesheets/main.css [36m304 [0m0.337 ms - -[0m
[0mGET /stylesheets/bootmetro-icons.css [36m304 [0m0.601 ms - -[0m
[0mGET /stylesheets/bootmetro-responsive.css [36m304 [0m0.561 ms - -[0m
[0mGET /stylesheets/_bootmetro.css [36m304 [0m0.325 ms - -[0m
[0mGET /stylesheets/registration.css [36m304 [0m0.368 ms - -[0m
[0mGET /stylesheets/rrweb.css [36m304 [0m0.319 ms - -[0m
[0mGET /javascripts/modernizr-2.6.2-respond-1.1.0.js [36m304 [0m0.307 ms - -[0m
[0mGET /javascripts/angular.js [36m304 [0m1.342 ms - -[0m
[0mGET /javascripts/angular-resource.js [36m304 [0m0.334 ms - -[0m
[0mGET /javascripts/app.js [36m304 [0m0.331 ms - -[0m
[0mGET /images/mainLogo.png [36m304 [0m0.613 ms - -[0m
[0mGET /getRoutes/agolotin/a/null [36m304 [0m10.306 ms - -[0m
in users getUserData POST method
{ username: 'agolotin', password: 'a' }
in call to db: a
validating user
[ { first_name: 'Artem',
    last_name: 'Golotin',
    username: 'agolotin',
    password: 'a',
    email: 'artem.golotin@gmail.com',
    birthdate: Sun Dec 03 1995 07:00:00 GMT+0000 (UTC),
    _id: 5533b20fdf29fe052046d372,
    __v: 0 } ]
valid user
[0mPOST /GetUserData/ [32m200 [0m106.561 ms - 81[0m
[0mGET / [36m304 [0m1.343 ms - -[0m
[0mGET /stylesheets/font-awesome.css [36m304 [0m0.408 ms - -[0m
[0mGET /stylesheets/_bootmetro.css [36m304 [0m0.706 ms - -[0m
[0mGET /stylesheets/bootmetro.css [36m304 [0m0.643 ms - -[0m
[0mGET /stylesheets/bootmetro-icons.css [36m304 [0m1.688 ms - -[0m
[0mGET /stylesheets/main.css [36m304 [0m0.376 ms - -[0m
[0mGET /stylesheets/bootmetro-responsive.css [36m304 [0m0.333 ms - -[0m
[0mGET /stylesheets/registration.css [36m304 [0m0.367 ms - -[0m
[0mGET /javascripts/angular.js [36m304 [0m0.470 ms - -[0m
[0mGET /stylesheets/rrweb.css [36m304 [0m0.388 ms - -[0m
[0mGET /javascripts/modernizr-2.6.2-respond-1.1.0.js [36m304 [0m0.342 ms - -[0m
[0mGET /javascripts/angular-resource.js [36m304 [0m0.359 ms - -[0m
[0mGET /javascripts/app.js [36m304 [0m0.319 ms - -[0m
[0mGET /images/RoadRunner.png [36m304 [0m0.411 ms - -[0m
[0mGET /images/zoom_in.png [36m304 [0m0.351 ms - -[0m
[0mGET /images/zoom_out.png [36m304 [0m0.297 ms - -[0m
[0mGET /images/mainLogo.png [36m304 [0m0.373 ms - -[0m
false
[0mGET /Account [36m304 [0m0.992 ms - -[0m
[0mGET /stylesheets/font-awesome.css [36m304 [0m1.000 ms - -[0m
[0mGET /stylesheets/_bootmetro.css [36m304 [0m0.895 ms - -[0m
[0mGET /stylesheets/bootmetro-icons.css [36m304 [0m0.894 ms - -[0m
[0mGET /stylesheets/bootmetro.css [36m304 [0m0.337 ms - -[0m
[0mGET /stylesheets/main.css [36m304 [0m0.359 ms - -[0m
[0mGET /stylesheets/registration.css [36m304 [0m0.707 ms - -[0m
[0mGET /stylesheets/rrweb.css [36m304 [0m0.691 ms - -[0m
[0mGET /javascripts/modernizr-2.6.2-respond-1.1.0.js [36m304 [0m0.324 ms - -[0m
[0mGET /stylesheets/bootmetro-responsive.css [36m304 [0m0.390 ms - -[0m
[0mGET /javascripts/angular.js [36m304 [0m0.848 ms - -[0m
[0mGET /javascripts/angular-resource.js [36m304 [0m0.367 ms - -[0m
[0mGET /javascripts/app.js [36m304 [0m0.327 ms - -[0m
[0mGET /images/mainLogo.png [36m304 [0m0.573 ms - -[0m
[0mGET /getRoutes/agolotin/a/null [36m304 [0m8.324 ms - -[0m
in users getUserData POST method
{ username: 'agolotin', password: 'a' }
in call to db: a
validating user
[ { first_name: 'Artem',
    last_name: 'Golotin',
    username: 'agolotin',
    password: 'a',
    email: 'artem.golotin@gmail.com',
    birthdate: Sun Dec 03 1995 07:00:00 GMT+0000 (UTC),
    _id: 5533b20fdf29fe052046d372,
    __v: 0 } ]
valid user
[0mPOST /GetUserData/ [32m200 [0m74.863 ms - 81[0m
[0mGET / [36m304 [0m1.229 ms - -[0m
[0mGET /stylesheets/bootmetro.css [36m304 [0m0.531 ms - -[0m
[0mGET /stylesheets/font-awesome.css [36m304 [0m0.410 ms - -[0m
[0mGET /stylesheets/bootmetro-icons.css [36m304 [0m0.327 ms - -[0m
[0mGET /stylesheets/main.css [36m304 [0m0.856 ms - -[0m
[0mGET /stylesheets/_bootmetro.css [36m304 [0m0.843 ms - -[0m
[0mGET /stylesheets/bootmetro-responsive.css [36m304 [0m0.809 ms - -[0m
[0mGET /stylesheets/registration.css [36m304 [0m0.307 ms - -[0m
[0mGET /javascripts/modernizr-2.6.2-respond-1.1.0.js [36m304 [0m0.372 ms - -[0m
[0mGET /javascripts/angular.js [36m304 [0m0.348 ms - -[0m
[0mGET /stylesheets/rrweb.css [36m304 [0m0.357 ms - -[0m
[0mGET /javascripts/angular-resource.js [36m304 [0m0.889 ms - -[0m
[0mGET /javascripts/app.js [36m304 [0m0.857 ms - -[0m
[0mGET /images/RoadRunner.png [36m304 [0m0.836 ms - -[0m
[0mGET /images/zoom_out.png [36m304 [0m0.608 ms - -[0m
[0mGET /images/zoom_in.png [36m304 [0m0.572 ms - -[0m
[0mGET /images/mainLogo.png [36m304 [0m0.726 ms - -[0m
[0mGET /getRoutes/agolotin/a/16k [36m304 [0m8.613 ms - -[0m
[0mGET /Contact [36m304 [0m1.062 ms - -[0m
[0mGET /stylesheets/font-awesome.css [36m304 [0m0.694 ms - -[0m
[0mGET /stylesheets/main.css [36m304 [0m0.700 ms - -[0m
[0mGET /stylesheets/_bootmetro.css [36m304 [0m0.931 ms - -[0m
[0mGET /stylesheets/bootmetro-icons.css [36m304 [0m0.879 ms - -[0m
[0mGET /stylesheets/bootmetro.css [36m304 [0m0.844 ms - -[0m
[0mGET /stylesheets/bootmetro-responsive.css [36m304 [0m0.429 ms - -[0m
[0mGET /stylesheets/registration.css [36m304 [0m0.410 ms - -[0m
[0mGET /stylesheets/rrweb.css [36m304 [0m0.358 ms - -[0m
[0mGET /javascripts/angular.js [36m304 [0m0.327 ms - -[0m
[0mGET /javascripts/modernizr-2.6.2-respond-1.1.0.js [36m304 [0m0.326 ms - -[0m
[0mGET /javascripts/angular-resource.js [36m304 [0m0.871 ms - -[0m
[0mGET /javascripts/app.js [36m304 [0m0.826 ms - -[0m
[0mGET /images/contact.png [36m304 [0m0.376 ms - -[0m
[0mGET /images/location.png [36m304 [0m0.340 ms - -[0m
[0mGET /images/mainLogo.png [36m304 [0m0.536 ms - -[0m
[0mGET /Contact [36m304 [0m0.976 ms - -[0m
[0mGET /stylesheets/main.css [36m304 [0m0.991 ms - -[0m
[0mGET /stylesheets/_bootmetro.css [36m304 [0m0.929 ms - -[0m
[0mGET /stylesheets/bootmetro-icons.css [36m304 [0m0.870 ms - -[0m
[0mGET /stylesheets/bootmetro-responsive.css [36m304 [0m0.352 ms - -[0m
[0mGET /stylesheets/bootmetro.css [36m304 [0m0.426 ms - -[0m
[0mGET /stylesheets/font-awesome.css [36m304 [0m0.382 ms - -[0m
[0mGET /stylesheets/registration.css [36m304 [0m0.532 ms - -[0m
[0mGET /stylesheets/rrweb.css [36m304 [0m0.493 ms - -[0m
[0mGET /javascripts/angular.js [36m304 [0m0.373 ms - -[0m
[0mGET /javascripts/app.js [36m304 [0m0.656 ms - -[0m
[0mGET /javascripts/angular-resource.js [36m304 [0m1.650 ms - -[0m
[0mGET /javascripts/modernizr-2.6.2-respond-1.1.0.js [36m304 [0m0.338 ms - -[0m
[0mGET /images/location.png [36m304 [0m0.392 ms - -[0m
[0mGET /images/contact.png [36m304 [0m0.350 ms - -[0m
[0mGET /images/mainLogo.png [36m304 [0m0.490 ms - -[0m
[0mGET /stylesheets/main.css [36m304 [0m0.663 ms - -[0m
[0mGET /stylesheets/font-awesome.css [36m304 [0m1.358 ms - -[0m
[0mGET /stylesheets/_bootmetro.css [36m304 [0m1.325 ms - -[0m
[0mGET /stylesheets/bootmetro.css [36m304 [0m1.267 ms - -[0m
[0mGET /stylesheets/bootmetro-icons.css [36m304 [0m1.251 ms - -[0m
[0mGET /stylesheets/bootmetro-responsive.css [36m304 [0m1.234 ms - -[0m
[0mGET /stylesheets/registration.css [36m304 [0m0.382 ms - -[0m
[0mGET /stylesheets/rrweb.css [36m304 [0m0.349 ms - -[0m
[0mGET / [36m304 [0m1.103 ms - -[0m
[0mGET /stylesheets/font-awesome.css [36m304 [0m1.068 ms - -[0m
[0mGET /stylesheets/main.css [36m304 [0m0.381 ms - -[0m
[0mGET /stylesheets/registration.css [36m304 [0m0.339 ms - -[0m
[0mGET /stylesheets/_bootmetro.css [36m304 [0m0.465 ms - -[0m
[0mGET /stylesheets/bootmetro.css [36m304 [0m2.531 ms - -[0m
[0mGET /stylesheets/bootmetro-icons.css [36m304 [0m0.363 ms - -[0m
[0mGET /stylesheets/bootmetro-responsive.css [36m304 [0m0.410 ms - -[0m
[0mGET /javascripts/app.js [36m304 [0m0.387 ms - -[0m
[0mGET /stylesheets/rrweb.css [36m304 [0m0.692 ms - -[0m
[0mGET /javascripts/modernizr-2.6.2-respond-1.1.0.js [36m304 [0m0.353 ms - -[0m
[0mGET /javascripts/angular-resource.js [36m304 [0m0.293 ms - -[0m
[0mGET /javascripts/angular.js [36m304 [0m0.398 ms - -[0m
[0mGET /images/RoadRunner.png [36m304 [0m0.365 ms - -[0m
[0mGET /images/zoom_out.png [36m304 [0m0.391 ms - -[0m
[0mGET /images/zoom_in.png [36m304 [0m0.285 ms - -[0m
[0mGET /images/mainLogo.png [36m304 [0m0.507 ms - -[0m
false
[0mGET /Account [36m304 [0m1.033 ms - -[0m
[0mGET /stylesheets/font-awesome.css [36m304 [0m0.446 ms - -[0m
[0mGET /stylesheets/registration.css [36m304 [0m0.345 ms - -[0m
[0mGET /stylesheets/_bootmetro.css [36m304 [0m0.650 ms - -[0m
[0mGET /stylesheets/main.css [36m304 [0m0.564 ms - -[0m
[0mGET /stylesheets/bootmetro.css [36m304 [0m0.348 ms - -[0m
[0mGET /stylesheets/bootmetro-responsive.css [36m304 [0m1.400 ms - -[0m
[0mGET /stylesheets/bootmetro-icons.css [36m304 [0m0.351 ms - -[0m
[0mGET /stylesheets/rrweb.css [36m304 [0m0.365 ms - -[0m
[0mGET /javascripts/modernizr-2.6.2-respond-1.1.0.js [36m304 [0m0.533 ms - -[0m
[0mGET /javascripts/angular.js [36m304 [0m0.336 ms - -[0m
[0mGET /javascripts/angular-resource.js [36m304 [0m0.323 ms - -[0m
[0mGET /javascripts/app.js [36m304 [0m0.315 ms - -[0m
[0mGET /images/mainLogo.png [36m304 [0m0.528 ms - -[0m
[0mGET /getRoutes/agolotin/a/null [36m304 [0m9.505 ms - -[0m
in users getUserData POST method
{ username: 'agolotin', password: 'a' }
in call to db: a
validating user
[ { first_name: 'Artem',
    last_name: 'Golotin',
    username: 'agolotin',
    password: 'a',
    email: 'artem.golotin@gmail.com',
    birthdate: Sun Dec 03 1995 07:00:00 GMT+0000 (UTC),
    _id: 5533b20fdf29fe052046d372,
    __v: 0 } ]
valid user
[0mPOST /GetUserData/ [32m200 [0m78.485 ms - 81[0m
[0mGET / [36m304 [0m1.032 ms - -[0m
[0mGET /stylesheets/main.css [36m304 [0m0.441 ms - -[0m
[0mGET /stylesheets/font-awesome.css [36m304 [0m0.376 ms - -[0m
[0mGET /stylesheets/bootmetro-responsive.css [36m304 [0m0.869 ms - -[0m
[0mGET /stylesheets/bootmetro-icons.css [36m304 [0m0.844 ms - -[0m
[0mGET /stylesheets/bootmetro.css [36m304 [0m0.810 ms - -[0m
[0mGET /stylesheets/_bootmetro.css [36m304 [0m0.313 ms - -[0m
[0mGET /stylesheets/rrweb.css [36m304 [0m0.349 ms - -[0m
[0mGET /javascripts/modernizr-2.6.2-respond-1.1.0.js [36m304 [0m0.553 ms - -[0m
[0mGET /stylesheets/registration.css [36m304 [0m0.547 ms - -[0m
[0mGET /javascripts/angular-resource.js [36m304 [0m0.542 ms - -[0m
[0mGET /javascripts/app.js [36m304 [0m0.517 ms - -[0m
[0mGET /javascripts/angular.js [36m304 [0m0.313 ms - -[0m
[0mGET /images/RoadRunner.png [36m304 [0m0.429 ms - -[0m
[0mGET /images/zoom_out.png [36m304 [0m0.362 ms - -[0m
[0mGET /images/zoom_in.png [36m304 [0m0.342 ms - -[0m
[0mGET /images/mainLogo.png [36m304 [0m0.460 ms - -[0m
[0mGET / [32m200 [0m1.034 ms - 14715[0m
[0mGET / [32m200 [0m1.111 ms - 14715[0m
[0mGET /stylesheets/font-awesome.css [32m200 [0m0.729 ms - 22136[0m
[0mGET /stylesheets/_bootmetro.css [32m200 [0m0.559 ms - 49859[0m
[0mGET /javascripts/angular.js [32m200 [0m139.660 ms - 567370[0m
[0mGET /stylesheets/main.css [36m304 [0m0.379 ms - -[0m
[0mGET /stylesheets/bootmetro.css [32m200 [0m107.054 ms - 233826[0m
[0mGET /stylesheets/bootmetro-icons.css [32m200 [0m34.680 ms - 79904[0m
[0mGET /stylesheets/bootmetro-responsive.css [36m304 [0m1.101 ms - -[0m
[0mGET /stylesheets/registration.css [36m304 [0m1.057 ms - -[0m
[0mGET /stylesheets/rrweb.css [36m304 [0m0.598 ms - -[0m
[0mGET /images/RoadRunner.png [36m304 [0m0.552 ms - -[0m
[0mGET /images/zoom_in.png [36m304 [0m0.411 ms - -[0m
[0mGET /images/zoom_out.png [36m304 [0m0.274 ms - -[0m
[0mGET /javascripts/modernizr-2.6.2-respond-1.1.0.js [32m200 [0m1.517 ms - 19494[0m
[0mGET /javascripts/app.js [36m304 [0m1.452 ms - -[0m
[0mGET /javascripts/angular-resource.js [32m200 [0m2.020 ms - 21195[0m
[0mGET /images/mainLogo.png [32m200 [0m5.650 ms - 34996[0m
[0mGET / [36m304 [0m1.334 ms - -[0m
[0mGET /stylesheets/font-awesome.css [36m304 [0m0.534 ms - -[0m
[0mGET /stylesheets/_bootmetro.css [36m304 [0m0.369 ms - -[0m
[0mGET /stylesheets/bootmetro-responsive.css [36m304 [0m0.348 ms - -[0m
[0mGET /stylesheets/registration.css [36m304 [0m0.334 ms - -[0m
[0mGET /stylesheets/rrweb.css [36m304 [0m0.352 ms - -[0m
[0mGET /stylesheets/main.css [36m304 [0m0.376 ms - -[0m
[0mGET /javascripts/modernizr-2.6.2-respond-1.1.0.js [36m304 [0m2.703 ms - -[0m
[0mGET /javascripts/angular-resource.js [36m304 [0m0.422 ms - -[0m
[0mGET /javascripts/app.js [36m304 [0m0.347 ms - -[0m
[0mGET /stylesheets/bootmetro.css [36m304 [0m0.375 ms - -[0m
[0mGET /images/RoadRunner.png [36m304 [0m0.286 ms - -[0m
[0mGET /images/zoom_in.png [36m304 [0m0.360 ms - -[0m
[0mGET /images/zoom_out.png [36m304 [0m0.508 ms - -[0m
[0mGET /stylesheets/bootmetro-icons.css [36m304 [0m0.504 ms - -[0m
[0mGET /javascripts/angular.js [36m304 [0m0.538 ms - -[0m
[0mGET /AboutUs [32m200 [0m0.882 ms - 2729[0m
[0mGET /stylesheets/bootmetro-responsive.css [36m304 [0m0.529 ms - -[0m
[0mGET /stylesheets/aboutus.css [32m200 [0m0.477 ms - 461[0m
[0mGET /stylesheets/registration.css [36m304 [0m0.358 ms - -[0m
[0mGET /stylesheets/rrweb.css [36m304 [0m0.340 ms - -[0m
[0mGET /stylesheets/font-awesome.css [36m304 [0m0.943 ms - -[0m
[0mGET /stylesheets/bootmetro.css [36m304 [0m0.422 ms - -[0m
[0mGET /stylesheets/_bootmetro.css [36m304 [0m0.327 ms - -[0m
[0mGET /javascripts/angular-resource.js [36m304 [0m9.629 ms - -[0m
[0mGET /javascripts/modernizr-2.6.2-respond-1.1.0.js [36m304 [0m135.934 ms - -[0m
[0mGET /javascripts/angular.js [32m200 [0m136.205 ms - 567370[0m
[0mGET /javascripts/app.js [36m304 [0m0.300 ms - -[0m
[0mGET /stylesheets/main.css [36m304 [0m0.315 ms - -[0m
[0mGET /stylesheets/bootmetro-icons.css [36m304 [0m0.324 ms - -[0m
[0mGET /images/Hayden.jpg [32m200 [0m0.915 ms - 83870[0m
[0mGET /images/mainLogo.png [36m304 [0m0.446 ms - -[0m
[0mGET /images/Jon.jpg [32m200 [0m34.090 ms - 67309[0m
[0mGET /images/Artem.jpg [32m200 [0m33.165 ms - 64943[0m
[0mGET /Contact [32m200 [0m1.020 ms - 6878[0m
[0mGET /stylesheets/bootmetro-responsive.css [36m304 [0m0.522 ms - -[0m
[0mGET /stylesheets/registration.css [36m304 [0m1.281 ms - -[0m
[0mGET /stylesheets/rrweb.css [36m304 [0m0.510 ms - -[0m
[0mGET /javascripts/modernizr-2.6.2-respond-1.1.0.js [36m304 [0m0.517 ms - -[0m
[0mGET /stylesheets/font-awesome.css [36m304 [0m0.496 ms - -[0m
[0mGET /stylesheets/bootmetro-icons.css [36m304 [0m0.496 ms - -[0m
[0mGET /javascripts/angular.js [36m304 [0m0.509 ms - -[0m
[0mGET /javascripts/angular-resource.js [36m304 [0m0.511 ms - -[0m
[0mGET /javascripts/app.js [36m304 [0m0.526 ms - -[0m
[0mGET /images/location.png [32m200 [0m1.366 ms - 3237[0m
[0mGET /stylesheets/_bootmetro.css [36m304 [0m0.504 ms - -[0m
[0mGET /images/contact.png [32m200 [0m99.559 ms - 234025[0m
[0mGET /stylesheets/main.css [36m304 [0m0.511 ms - -[0m
[0mGET /stylesheets/bootmetro.css [36m304 [0m0.573 ms - -[0m
[0mGET /images/mainLogo.png [36m304 [0m0.590 ms - -[0m
[0mGET /AboutUs [32m200 [0m1.021 ms - 2729[0m
[0mGET /stylesheets/font-awesome.css [32m200 [0m0.912 ms - 22136[0m
[0mGET /stylesheets/main.css [32m200 [0m0.679 ms - 161[0m
[0mGET /stylesheets/_bootmetro.css [32m200 [0m0.549 ms - 49859[0m
[0mGET /stylesheets/bootmetro-responsive.css [32m200 [0m0.591 ms - 1242[0m
[0mGET /stylesheets/registration.css [32m200 [0m0.736 ms - 2081[0m
[0mGET /stylesheets/bootmetro-icons.css [32m200 [0m221.589 ms - 79904[0m
[0mGET /stylesheets/rrweb.css [32m200 [0m0.880 ms - 4297[0m
[0mGET /stylesheets/aboutus.css [32m200 [0m0.506 ms - 461[0m
[0mGET /stylesheets/bootmetro.css [32m200 [0m661.774 ms - 233826[0m
[0mGET /javascripts/modernizr-2.6.2-respond-1.1.0.js [32m200 [0m0.653 ms - 19494[0m
[0mGET /javascripts/angular-resource.js [32m200 [0m0.512 ms - 21195[0m
[0mGET /javascripts/app.js [32m200 [0m0.733 ms - 10284[0m
[0mGET /images/R.png [32m200 [0m0.947 ms - 1586[0m
[0mGET /images/R.png [36m304 [0m0.537 ms - -[0m
[0mGET /javascripts/angular.js [32m200 [0m1584.164 ms - 567370[0m
[0mGET /images/mainLogo.png [36m304 [0m0.597 ms - -[0m
[0mGET /images/Hayden.jpg [32m200 [0m0.778 ms - 83870[0m
[0mGET /images/Artem.jpg [32m200 [0m2.451 ms - 64943[0m
[0mGET /images/Jon.jpg [32m200 [0m0.649 ms - 67309[0m
[0mGET /Contact [32m200 [0m1.087 ms - 6878[0m
[0mGET /stylesheets/font-awesome.css [36m304 [0m0.552 ms - -[0m
[0mGET /stylesheets/main.css [36m304 [0m0.385 ms - -[0m
[0mGET /stylesheets/_bootmetro.css [36m304 [0m0.348 ms - -[0m
[0mGET /stylesheets/bootmetro.css [36m304 [0m0.325 ms - -[0m
[0mGET /stylesheets/bootmetro-responsive.css [36m304 [0m0.383 ms - -[0m
[0mGET /stylesheets/bootmetro-icons.css [36m304 [0m0.352 ms - -[0m
[0mGET /stylesheets/rrweb.css [36m304 [0m0.523 ms - -[0m
[0mGET /stylesheets/registration.css [36m304 [0m0.328 ms - -[0m
[0mGET /javascripts/modernizr-2.6.2-respond-1.1.0.js [36m304 [0m0.346 ms - -[0m
[0mGET /javascripts/angular-resource.js [36m304 [0m0.336 ms - -[0m
[0mGET /javascripts/angular.js [36m304 [0m0.328 ms - -[0m
[0mGET /javascripts/app.js [36m304 [0m0.351 ms - -[0m
[0mGET /images/R.png [36m304 [0m1.075 ms - -[0m
[0mGET /images/contact.png [32m200 [0m1.052 ms - 234025[0m
[0mGET /images/location.png [32m200 [0m0.472 ms - 3237[0m
[0mGET /images/R.png [36m304 [0m0.450 ms - -[0m
[0mGET /images/mainLogo.png [36m304 [0m0.556 ms - -[0m
[0mGET / [32m200 [0m1.068 ms - 14715[0m
[0mGET /stylesheets/font-awesome.css [36m304 [0m0.454 ms - -[0m
[0mGET /stylesheets/main.css [36m304 [0m0.291 ms - -[0m
[0mGET /stylesheets/_bootmetro.css [36m304 [0m0.341 ms - -[0m
[0mGET /stylesheets/bootmetro.css [36m304 [0m0.353 ms - -[0m
[0mGET /stylesheets/bootmetro-icons.css [36m304 [0m0.285 ms - -[0m
[0mGET /stylesheets/bootmetro-responsive.css [36m304 [0m0.333 ms - -[0m
[0mGET /stylesheets/registration.css [36m304 [0m0.644 ms - -[0m
[0mGET /stylesheets/rrweb.css [36m304 [0m0.283 ms - -[0m
[0mGET /javascripts/modernizr-2.6.2-respond-1.1.0.js [36m304 [0m0.375 ms - -[0m
[0mGET /javascripts/angular.js [36m304 [0m0.313 ms - -[0m
[0mGET /javascripts/angular-resource.js [36m304 [0m0.313 ms - -[0m
[0mGET /javascripts/app.js [36m304 [0m0.301 ms - -[0m
[0mGET /images/RoadRunner.png [36m304 [0m0.328 ms - -[0m
[0mGET /images/zoom_in.png [36m304 [0m0.423 ms - -[0m
[0mGET /images/zoom_out.png [36m304 [0m0.374 ms - -[0m
[0mGET /images/mainLogo.png [36m304 [0m0.537 ms - -[0m
[0mGET /images/R.png [36m304 [0m0.503 ms - -[0m
true
[0mGET /Account [32m200 [0m1.236 ms - 2899[0m
[0mGET /stylesheets/font-awesome.css [36m304 [0m0.455 ms - -[0m
[0mGET /stylesheets/bootmetro.css [36m304 [0m0.465 ms - -[0m
[0mGET /stylesheets/main.css [36m304 [0m0.315 ms - -[0m
[0mGET /stylesheets/bootmetro-responsive.css [36m304 [0m0.325 ms - -[0m
[0mGET /stylesheets/bootmetro-icons.css [36m304 [0m0.315 ms - -[0m
[0mGET /stylesheets/_bootmetro.css [36m304 [0m0.373 ms - -[0m
[0mGET /stylesheets/registration.css [36m304 [0m0.432 ms - -[0m
[0mGET /javascripts/modernizr-2.6.2-respond-1.1.0.js [36m304 [0m1.406 ms - -[0m
[0mGET /stylesheets/rrweb.css [36m304 [0m1.314 ms - -[0m
[0mGET /javascripts/angular-resource.js [36m304 [0m1.325 ms - -[0m
[0mGET /javascripts/app.js [36m304 [0m1.332 ms - -[0m
[0mGET /javascripts/angular.js [36m304 [0m1.434 ms - -[0m
[0mGET /images/mainLogo.png [36m304 [0m0.504 ms - -[0m
[0mGET /font/fontawesome-webfont.woff?v=3.0.1 [33m404 [0m2.070 ms - 887[0m
[0mGET /font/fontawesome-webfont.ttf?v=3.0.1 [33m404 [0m0.975 ms - 887[0m
in users validate POST method
{ username: 'agolotin', password: 'a' }
in call to db: a
validating user
[ { first_name: 'Artem',
    last_name: 'Golotin',
    username: 'agolotin',
    password: 'a',
    email: 'artem.golotin@gmail.com',
    birthdate: Sun Dec 03 1995 07:00:00 GMT+0000 (UTC),
    _id: 5533b20fdf29fe052046d372,
    __v: 0 } ]
valid user
[0mPOST /validate/ [32m200 [0m75.455 ms - 7[0m
[0mGET / [36m304 [0m1.164 ms - -[0m
[0mGET /stylesheets/font-awesome.css [36m304 [0m0.499 ms - -[0m
[0mGET /stylesheets/_bootmetro.css [36m304 [0m0.665 ms - -[0m
[0mGET /stylesheets/bootmetro-icons.css [36m304 [0m0.858 ms - -[0m
[0mGET /stylesheets/bootmetro.css [36m304 [0m0.942 ms - -[0m
[0mGET /stylesheets/main.css [36m304 [0m0.846 ms - -[0m
[0mGET /stylesheets/bootmetro-responsive.css [36m304 [0m0.834 ms - -[0m
[0mGET /stylesheets/registration.css [36m304 [0m0.961 ms - -[0m
[0mGET /stylesheets/rrweb.css [36m304 [0m0.309 ms - -[0m
[0mGET /javascripts/angular.js [36m304 [0m0.552 ms - -[0m
[0mGET /javascripts/modernizr-2.6.2-respond-1.1.0.js [36m304 [0m0.510 ms - -[0m
[0mGET /javascripts/angular-resource.js [36m304 [0m0.346 ms - -[0m
[0mGET /javascripts/app.js [36m304 [0m0.347 ms - -[0m
[0mGET /images/RoadRunner.png [36m304 [0m0.335 ms - -[0m
[0mGET /images/zoom_in.png [36m304 [0m0.340 ms - -[0m
[0mGET /images/zoom_out.png [36m304 [0m0.315 ms - -[0m
[0mGET /images/mainLogo.png [36m304 [0m0.550 ms - -[0m
false
[0mGET /Account [32m200 [0m1.049 ms - 4754[0m
[0mGET /stylesheets/font-awesome.css [36m304 [0m0.821 ms - -[0m
[0mGET /stylesheets/main.css [36m304 [0m0.770 ms - -[0m
[0mGET /stylesheets/bootmetro.css [36m304 [0m0.641 ms - -[0m
[0mGET /stylesheets/_bootmetro.css [36m304 [0m0.602 ms - -[0m
[0mGET /stylesheets/bootmetro-responsive.css [36m304 [0m0.406 ms - -[0m
[0mGET /stylesheets/bootmetro-icons.css [36m304 [0m0.327 ms - -[0m
[0mGET /javascripts/angular.js [36m304 [0m1.371 ms - -[0m
[0mGET /javascripts/angular-resource.js [36m304 [0m1.252 ms - -[0m
[0mGET /javascripts/modernizr-2.6.2-respond-1.1.0.js [36m304 [0m1.173 ms - -[0m
[0mGET /javascripts/app.js [36m304 [0m1.074 ms - -[0m
[0mGET /stylesheets/registration.css [36m304 [0m0.330 ms - -[0m
[0mGET /stylesheets/rrweb.css [36m304 [0m0.356 ms - -[0m
[0mGET /images/mainLogo.png [36m304 [0m0.575 ms - -[0m
[0mGET /getRoutes/agolotin/a/null [32m200 [0m9.648 ms - 1460[0m
in users getUserData POST method
{ username: 'agolotin', password: 'a' }
in call to db: a
validating user
[ { first_name: 'Artem',
    last_name: 'Golotin',
    username: 'agolotin',
    password: 'a',
    email: 'artem.golotin@gmail.com',
    birthdate: Sun Dec 03 1995 07:00:00 GMT+0000 (UTC),
    _id: 5533b20fdf29fe052046d372,
    __v: 0 } ]
valid user
[0mPOST /GetUserData/ [32m200 [0m77.583 ms - 81[0m
[0mGET / [36m304 [0m1.207 ms - -[0m
[0mGET /stylesheets/bootmetro.css [36m304 [0m1.233 ms - -[0m
[0mGET /stylesheets/font-awesome.css [36m304 [0m1.165 ms - -[0m
[0mGET /stylesheets/_bootmetro.css [36m304 [0m1.157 ms - -[0m
[0mGET /stylesheets/bootmetro-icons.css [36m304 [0m1.145 ms - -[0m
[0mGET /stylesheets/main.css [36m304 [0m1.401 ms - -[0m
[0mGET /stylesheets/bootmetro-responsive.css [36m304 [0m0.748 ms - -[0m
[0mGET /stylesheets/registration.css [36m304 [0m0.396 ms - -[0m
[0mGET /stylesheets/rrweb.css [36m304 [0m0.317 ms - -[0m
[0mGET /javascripts/angular.js [36m304 [0m0.523 ms - -[0m
[0mGET /javascripts/modernizr-2.6.2-respond-1.1.0.js [36m304 [0m0.338 ms - -[0m
[0mGET /javascripts/app.js [36m304 [0m0.533 ms - -[0m
[0mGET /javascripts/angular-resource.js [36m304 [0m0.512 ms - -[0m
[0mGET /images/zoom_in.png [36m304 [0m2.004 ms - -[0m
[0mGET /images/zoom_out.png [36m304 [0m0.537 ms - -[0m
[0mGET /images/RoadRunner.png [36m304 [0m0.524 ms - -[0m
[0mGET /images/mainLogo.png [36m304 [0m0.375 ms - -[0m
[0mGET /getRoutes/agolotin/a/holy_crap_route [32m200 [0m9.013 ms - 401[0m
[0mGET /AboutUs [32m200 [0m1.634 ms - 2729[0m
[0mGET /stylesheets/font-awesome.css [36m304 [0m4.355 ms - -[0m
[0mGET /stylesheets/main.css [36m304 [0m0.838 ms - -[0m
[0mGET /stylesheets/bootmetro-icons.css [36m304 [0m0.773 ms - -[0m
[0mGET /stylesheets/bootmetro.css [36m304 [0m1.152 ms - -[0m
[0mGET /stylesheets/_bootmetro.css [36m304 [0m1.160 ms - -[0m
[0mGET /stylesheets/aboutus.css [36m304 [0m1.196 ms - -[0m
[0mGET /stylesheets/bootmetro-responsive.css [36m304 [0m0.370 ms - -[0m
[0mGET /stylesheets/registration.css [36m304 [0m0.400 ms - -[0m
[0mGET /javascripts/modernizr-2.6.2-respond-1.1.0.js [36m304 [0m0.331 ms - -[0m
[0mGET /stylesheets/rrweb.css [36m304 [0m0.361 ms - -[0m
[0mGET /javascripts/angular.js [36m304 [0m0.319 ms - -[0m
[0mGET /javascripts/angular-resource.js [36m304 [0m0.358 ms - -[0m
[0mGET /javascripts/app.js [36m304 [0m0.321 ms - -[0m
[0mGET /images/mainLogo.png [36m304 [0m0.412 ms - -[0m
[0mGET /images/Hayden.jpg [36m304 [0m0.912 ms - -[0m
[0mGET /images/Artem.jpg [36m304 [0m0.906 ms - -[0m
[0mGET /images/Jon.jpg [36m304 [0m0.323 ms - -[0m
[0mGET /Contact [32m200 [0m1.006 ms - 6878[0m
[0mGET /stylesheets/font-awesome.css [36m304 [0m0.394 ms - -[0m
[0mGET /stylesheets/main.css [36m304 [0m0.370 ms - -[0m
[0mGET /stylesheets/_bootmetro.css [36m304 [0m0.596 ms - -[0m
[0mGET /stylesheets/bootmetro.css [36m304 [0m0.381 ms - -[0m
[0mGET /stylesheets/rrweb.css [36m304 [0m0.333 ms - -[0m
[0mGET /stylesheets/bootmetro-responsive.css [36m304 [0m0.562 ms - -[0m
[0mGET /stylesheets/registration.css [36m304 [0m0.512 ms - -[0m
[0mGET /stylesheets/bootmetro-icons.css [36m304 [0m0.302 ms - -[0m
[0mGET /javascripts/modernizr-2.6.2-respond-1.1.0.js [36m304 [0m0.303 ms - -[0m
[0mGET /javascripts/angular-resource.js [36m304 [0m0.334 ms - -[0m
[0mGET /javascripts/app.js [36m304 [0m0.548 ms - -[0m
[0mGET /images/contact.png [36m304 [0m0.524 ms - -[0m
[0mGET /javascripts/angular.js [36m304 [0m0.310 ms - -[0m
[0mGET /images/location.png [36m304 [0m0.534 ms - -[0m
[0mGET /images/mainLogo.png [36m304 [0m0.562 ms - -[0m
[0mGET / [36m304 [0m1.113 ms - -[0m
[0mGET /stylesheets/main.css [36m304 [0m0.629 ms - -[0m
[0mGET /stylesheets/_bootmetro.css [36m304 [0m0.630 ms - -[0m
[0mGET /stylesheets/font-awesome.css [36m304 [0m0.942 ms - -[0m
[0mGET /stylesheets/bootmetro.css [36m304 [0m0.547 ms - -[0m
[0mGET /stylesheets/bootmetro-responsive.css [36m304 [0m0.341 ms - -[0m
[0mGET /stylesheets/bootmetro-icons.css [36m304 [0m0.307 ms - -[0m
[0mGET /javascripts/modernizr-2.6.2-respond-1.1.0.js [36m304 [0m0.538 ms - -[0m
[0mGET /stylesheets/rrweb.css [36m304 [0m0.536 ms - -[0m
[0mGET /stylesheets/registration.css [36m304 [0m0.897 ms - -[0m
[0mGET /javascripts/angular.js [36m304 [0m0.293 ms - -[0m
[0mGET /javascripts/angular-resource.js [36m304 [0m0.357 ms - -[0m
[0mGET /javascripts/app.js [36m304 [0m0.393 ms - -[0m
[0mGET /images/RoadRunner.png [36m304 [0m0.369 ms - -[0m
[0mGET /images/zoom_in.png [36m304 [0m0.368 ms - -[0m
[0mGET /images/zoom_out.png [36m304 [0m0.311 ms - -[0m
[0mGET /images/mainLogo.png [36m304 [0m0.371 ms - -[0m
[0mGET /Contact [36m304 [0m1.544 ms - -[0m
[0mGET /stylesheets/main.css [36m304 [0m1.555 ms - -[0m
[0mGET /stylesheets/bootmetro.css [36m304 [0m0.735 ms - -[0m
[0mGET /stylesheets/font-awesome.css [36m304 [0m0.336 ms - -[0m
[0mGET /stylesheets/_bootmetro.css [36m304 [0m0.644 ms - -[0m
[0mGET /stylesheets/bootmetro-responsive.css [36m304 [0m0.667 ms - -[0m
[0mGET /stylesheets/bootmetro-icons.css [36m304 [0m0.317 ms - -[0m
[0mGET /stylesheets/registration.css [36m304 [0m0.362 ms - -[0m
[0mGET /stylesheets/rrweb.css [36m304 [0m0.317 ms - -[0m
[0mGET /javascripts/modernizr-2.6.2-respond-1.1.0.js [36m304 [0m0.662 ms - -[0m
[0mGET /javascripts/angular.js [36m304 [0m0.627 ms - -[0m
[0mGET /javascripts/angular-resource.js [36m304 [0m1.224 ms - -[0m
[0mGET /javascripts/app.js [36m304 [0m1.191 ms - -[0m
[0mGET /images/contact.png [36m304 [0m0.708 ms - -[0m
[0mGET /images/location.png [36m304 [0m0.655 ms - -[0m
[0mGET /images/mainLogo.png [36m304 [0m0.496 ms - -[0m
[0mGET /AboutUs [36m304 [0m1.042 ms - -[0m
[0mGET /stylesheets/main.css [36m304 [0m0.801 ms - -[0m
[0mGET /stylesheets/font-awesome.css [36m304 [0m0.664 ms - -[0m
[0mGET /stylesheets/bootmetro-icons.css [36m304 [0m0.332 ms - -[0m
[0mGET /stylesheets/_bootmetro.css [36m304 [0m0.765 ms - -[0m
[0mGET /stylesheets/bootmetro-responsive.css [36m304 [0m0.728 ms - -[0m
[0mGET /stylesheets/bootmetro.css [36m304 [0m0.695 ms - -[0m
[0mGET /javascripts/angular.js [36m304 [0m1.705 ms - -[0m
[0mGET /javascripts/modernizr-2.6.2-respond-1.1.0.js [36m304 [0m1.697 ms - -[0m
[0mGET /javascripts/angular-resource.js [36m304 [0m1.732 ms - -[0m
[0mGET /stylesheets/registration.css [36m304 [0m1.063 ms - -[0m
[0mGET /stylesheets/rrweb.css [36m304 [0m1.757 ms - -[0m
[0mGET /stylesheets/aboutus.css [36m304 [0m1.976 ms - -[0m
[0mGET /javascripts/app.js [36m304 [0m0.358 ms - -[0m
[0mGET /images/mainLogo.png [36m304 [0m0.405 ms - -[0m
[0mGET /AboutUs [32m200 [0m1.230 ms - 2737[0m
[0mGET /stylesheets/font-awesome.css [36m304 [0m0.430 ms - -[0m
[0mGET /stylesheets/main.css [36m304 [0m0.374 ms - -[0m
[0mGET /stylesheets/_bootmetro.css [36m304 [0m0.335 ms - -[0m
[0mGET /stylesheets/registration.css [36m304 [0m0.693 ms - -[0m
[0mGET /stylesheets/bootmetro-responsive.css [36m304 [0m0.942 ms - -[0m
[0mGET /stylesheets/bootmetro.css [36m304 [0m0.284 ms - -[0m
[0mGET /stylesheets/bootmetro-icons.css [36m304 [0m0.293 ms - -[0m
[0mGET /stylesheets/rrweb.css [36m304 [0m0.368 ms - -[0m
[0mGET /stylesheets/aboutus.css [36m304 [0m0.295 ms - -[0m
[0mGET /javascripts/angular.js [36m304 [0m0.293 ms - -[0m
[0mGET /javascripts/modernizr-2.6.2-respond-1.1.0.js [36m304 [0m0.316 ms - -[0m
[0mGET /javascripts/app.js [36m304 [0m0.313 ms - -[0m
[0mGET /javascripts/angular-resource.js [36m304 [0m0.293 ms - -[0m
[0mGET /images/mainLogo.png [36m304 [0m0.444 ms - -[0m
[0mGET /images/R.png [36m304 [0m0.371 ms - -[0m
false
[0mGET /Account [36m304 [0m1.082 ms - -[0m
[0mGET /stylesheets/font-awesome.css [36m304 [0m0.417 ms - -[0m
[0mGET /stylesheets/bootmetro-icons.css [36m304 [0m0.332 ms - -[0m
[0mGET /stylesheets/main.css [36m304 [0m0.319 ms - -[0m
[0mGET /stylesheets/bootmetro-responsive.css [36m304 [0m0.296 ms - -[0m
[0mGET /stylesheets/_bootmetro.css [36m304 [0m1.641 ms - -[0m
[0mGET /stylesheets/bootmetro.css [36m304 [0m1.609 ms - -[0m
[0mGET /stylesheets/registration.css [36m304 [0m0.327 ms - -[0m
[0mGET /javascripts/modernizr-2.6.2-respond-1.1.0.js [36m304 [0m0.321 ms - -[0m
[0mGET /javascripts/angular.js [36m304 [0m0.497 ms - -[0m
[0mGET /stylesheets/rrweb.css [36m304 [0m0.475 ms - -[0m
[0mGET /javascripts/angular-resource.js [36m304 [0m0.352 ms - -[0m
[0mGET /javascripts/app.js [36m304 [0m0.319 ms - -[0m
[0mGET /images/mainLogo.png [36m304 [0m0.340 ms - -[0m
[0mGET /getRoutes/agolotin/a/null [36m304 [0m9.167 ms - -[0m
in users getUserData POST method
{ username: 'agolotin', password: 'a' }
in call to db: a
validating user
[ { first_name: 'Artem',
    last_name: 'Golotin',
    username: 'agolotin',
    password: 'a',
    email: 'artem.golotin@gmail.com',
    birthdate: Sun Dec 03 1995 07:00:00 GMT+0000 (UTC),
    _id: 5533b20fdf29fe052046d372,
    __v: 0 } ]
valid user
[0mPOST /GetUserData/ [32m200 [0m80.899 ms - 81[0m
[0mGET / [36m304 [0m1.059 ms - -[0m
[0mGET /stylesheets/main.css [36m304 [0m0.790 ms - -[0m
[0mGET /stylesheets/bootmetro.css [36m304 [0m0.719 ms - -[0m
[0mGET /stylesheets/bootmetro-responsive.css [36m304 [0m0.338 ms - -[0m
[0mGET /stylesheets/font-awesome.css [36m304 [0m0.340 ms - -[0m
[0mGET /stylesheets/rrweb.css [36m304 [0m0.580 ms - -[0m
[0mGET /javascripts/modernizr-2.6.2-respond-1.1.0.js [36m304 [0m0.529 ms - -[0m
[0mGET /stylesheets/registration.css [36m304 [0m0.308 ms - -[0m
[0mGET /stylesheets/_bootmetro.css [36m304 [0m0.530 ms - -[0m
[0mGET /stylesheets/bootmetro-icons.css [36m304 [0m0.511 ms - -[0m
[0mGET /javascripts/angular.js [36m304 [0m0.299 ms - -[0m
[0mGET /javascripts/angular-resource.js [36m304 [0m0.370 ms - -[0m
[0mGET /images/RoadRunner.png [36m304 [0m0.518 ms - -[0m
[0mGET /javascripts/app.js [36m304 [0m0.517 ms - -[0m
[0mGET /images/zoom_in.png [36m304 [0m0.389 ms - -[0m
[0mGET /images/zoom_out.png [36m304 [0m0.285 ms - -[0m
[0mGET /images/mainLogo.png [36m304 [0m0.537 ms - -[0m
false
[0mGET /Account [36m304 [0m1.053 ms - -[0m
[0mGET /stylesheets/font-awesome.css [36m304 [0m0.776 ms - -[0m
[0mGET /stylesheets/main.css [36m304 [0m0.662 ms - -[0m
[0mGET /stylesheets/bootmetro-responsive.css [36m304 [0m0.343 ms - -[0m
[0mGET /stylesheets/_bootmetro.css [36m304 [0m0.311 ms - -[0m
[0mGET /stylesheets/bootmetro.css [36m304 [0m0.571 ms - -[0m
[0mGET /stylesheets/bootmetro-icons.css [36m304 [0m0.545 ms - -[0m
[0mGET /javascripts/modernizr-2.6.2-respond-1.1.0.js [36m304 [0m0.822 ms - -[0m
[0mGET /javascripts/app.js [36m304 [0m0.704 ms - -[0m
[0mGET /javascripts/angular.js [36m304 [0m0.377 ms - -[0m
[0mGET /javascripts/angular-resource.js [36m304 [0m0.333 ms - -[0m
[0mGET /stylesheets/registration.css [36m304 [0m0.533 ms - -[0m
[0mGET /stylesheets/rrweb.css [36m304 [0m0.522 ms - -[0m
[0mGET /images/mainLogo.png [36m304 [0m0.509 ms - -[0m
[0mGET /getRoutes/agolotin/a/null [36m304 [0m8.269 ms - -[0m
in users getUserData POST method
{ username: 'agolotin', password: 'a' }
in call to db: a
validating user
[ { first_name: 'Artem',
    last_name: 'Golotin',
    username: 'agolotin',
    password: 'a',
    email: 'artem.golotin@gmail.com',
    birthdate: Sun Dec 03 1995 07:00:00 GMT+0000 (UTC),
    _id: 5533b20fdf29fe052046d372,
    __v: 0 } ]
valid user
[0mPOST /GetUserData/ [32m200 [0m158.123 ms - 81[0m
[0mGET /AboutUs [36m304 [0m0.932 ms - -[0m
[0mGET /stylesheets/bootmetro-responsive.css [36m304 [0m0.967 ms - -[0m
[0mGET /stylesheets/bootmetro.css [36m304 [0m0.890 ms - -[0m
[0mGET /stylesheets/bootmetro-icons.css [36m304 [0m0.915 ms - -[0m
[0mGET /stylesheets/_bootmetro.css [36m304 [0m0.347 ms - -[0m
[0mGET /stylesheets/font-awesome.css [36m304 [0m0.344 ms - -[0m
[0mGET /stylesheets/main.css [36m304 [0m0.298 ms - -[0m
[0mGET /stylesheets/registration.css [36m304 [0m0.345 ms - -[0m
[0mGET /stylesheets/rrweb.css [36m304 [0m0.359 ms - -[0m
[0mGET /javascripts/modernizr-2.6.2-respond-1.1.0.js [36m304 [0m0.328 ms - -[0m
[0mGET /stylesheets/aboutus.css [36m304 [0m1.189 ms - -[0m
[0mGET /javascripts/angular.js [36m304 [0m0.419 ms - -[0m
[0mGET /javascripts/angular-resource.js [36m304 [0m0.370 ms - -[0m
[0mGET /javascripts/app.js [36m304 [0m0.320 ms - -[0m
[0mGET /images/mainLogo.png [36m304 [0m0.521 ms - -[0m
[0mGET /Contact [36m304 [0m1.000 ms - -[0m
[0mGET /stylesheets/bootmetro.css [36m304 [0m0.389 ms - -[0m
[0mGET /stylesheets/font-awesome.css [36m304 [0m0.334 ms - -[0m
[0mGET /stylesheets/main.css [36m304 [0m0.301 ms - -[0m
[0mGET /stylesheets/bootmetro-icons.css [36m304 [0m0.309 ms - -[0m
[0mGET /stylesheets/_bootmetro.css [36m304 [0m0.338 ms - -[0m
[0mGET /stylesheets/bootmetro-responsive.css [36m304 [0m0.394 ms - -[0m
[0mGET /stylesheets/registration.css [36m304 [0m0.373 ms - -[0m
[0mGET /javascripts/angular.js [36m304 [0m0.310 ms - -[0m
[0mGET /javascripts/angular-resource.js [36m304 [0m0.523 ms - -[0m
[0mGET /javascripts/modernizr-2.6.2-respond-1.1.0.js [36m304 [0m0.506 ms - -[0m
[0mGET /stylesheets/rrweb.css [36m304 [0m0.302 ms - -[0m
[0mGET /javascripts/app.js [36m304 [0m0.343 ms - -[0m
[0mGET /images/contact.png [36m304 [0m0.358 ms - -[0m
[0mGET /images/location.png [36m304 [0m0.311 ms - -[0m
[0mGET /images/mainLogo.png [36m304 [0m0.332 ms - -[0m
[0mGET / [36m304 [0m1.077 ms - -[0m
[0mGET /stylesheets/font-awesome.css [36m304 [0m0.390 ms - -[0m
[0mGET /stylesheets/bootmetro-responsive.css [36m304 [0m0.544 ms - -[0m
[0mGET /stylesheets/bootmetro-icons.css [36m304 [0m0.532 ms - -[0m
[0mGET /stylesheets/main.css [36m304 [0m0.295 ms - -[0m
[0mGET /stylesheets/_bootmetro.css [36m304 [0m0.611 ms - -[0m
[0mGET /stylesheets/bootmetro.css [36m304 [0m0.494 ms - -[0m
[0mGET /stylesheets/registration.css [36m304 [0m0.336 ms - -[0m
[0mGET /javascripts/angular.js [36m304 [0m0.335 ms - -[0m
[0mGET /stylesheets/rrweb.css [36m304 [0m0.313 ms - -[0m
[0mGET /javascripts/modernizr-2.6.2-respond-1.1.0.js [36m304 [0m0.300 ms - -[0m
[0mGET /javascripts/angular-resource.js [36m304 [0m0.276 ms - -[0m
[0mGET /javascripts/app.js [36m304 [0m0.313 ms - -[0m
[0mGET /images/RoadRunner.png [36m304 [0m0.340 ms - -[0m
[0mGET /images/zoom_out.png [36m304 [0m0.286 ms - -[0m
[0mGET /images/zoom_in.png [36m304 [0m0.308 ms - -[0m
[0mGET /images/mainLogo.png [36m304 [0m0.490 ms - -[0m
[0mGET /getRoutes/agolotin/a/rr1 [32m200 [0m15.251 ms - 202[0m
true
[0mGET /Account [32m200 [0m1.081 ms - 2899[0m
[0mGET /stylesheets/font-awesome.css [36m304 [0m0.370 ms - -[0m
[0mGET /stylesheets/_bootmetro.css [36m304 [0m0.528 ms - -[0m
[0mGET /stylesheets/bootmetro-responsive.css [36m304 [0m0.499 ms - -[0m
[0mGET /stylesheets/bootmetro-icons.css [36m304 [0m0.295 ms - -[0m
[0mGET /stylesheets/bootmetro.css [36m304 [0m0.274 ms - -[0m
[0mGET /stylesheets/main.css [36m304 [0m0.295 ms - -[0m
[0mGET /stylesheets/registration.css [36m304 [0m0.310 ms - -[0m
[0mGET /javascripts/modernizr-2.6.2-respond-1.1.0.js [36m304 [0m0.333 ms - -[0m
[0mGET /javascripts/angular.js [36m304 [0m0.304 ms - -[0m
[0mGET /stylesheets/rrweb.css [36m304 [0m0.302 ms - -[0m
[0mGET /javascripts/angular-resource.js [36m304 [0m0.306 ms - -[0m
[0mGET /javascripts/app.js [36m304 [0m0.283 ms - -[0m
[0mGET / [32m200 [0m1.422 ms - 14787[0m
[0mGET /stylesheets/font-awesome.css [36m304 [0m0.467 ms - -[0m
[0mGET /stylesheets/main.css [36m304 [0m0.310 ms - -[0m
[0mGET /stylesheets/bootmetro.css [36m304 [0m0.317 ms - -[0m
[0mGET /stylesheets/_bootmetro.css [36m304 [0m0.382 ms - -[0m
[0mGET /stylesheets/bootmetro-icons.css [36m304 [0m0.323 ms - -[0m
[0mGET /stylesheets/bootmetro-responsive.css [36m304 [0m0.343 ms - -[0m
[0mGET /stylesheets/registration.css [36m304 [0m0.311 ms - -[0m
[0mGET /stylesheets/rrweb.css [36m304 [0m0.307 ms - -[0m
[0mGET /javascripts/modernizr-2.6.2-respond-1.1.0.js [36m304 [0m0.506 ms - -[0m
[0mGET /javascripts/angular.js [36m304 [0m0.357 ms - -[0m
[0mGET /javascripts/angular-resource.js [36m304 [0m0.606 ms - -[0m
[0mGET /javascripts/app.js [36m304 [0m0.605 ms - -[0m
[0mGET /images/RoadRunner.png [36m304 [0m0.306 ms - -[0m
[0mGET /images/zoom_in.png [36m304 [0m0.419 ms - -[0m
[0mGET /images/zoom_out.png [36m304 [0m0.313 ms - -[0m
[0mGET /images/mainLogo.png [36m304 [0m0.428 ms - -[0m
[0mGET /images/R.png [36m304 [0m0.324 ms - -[0m
true
[0mGET /Account [36m304 [0m0.955 ms - -[0m
[0mGET /stylesheets/main.css [36m304 [0m1.493 ms - -[0m
[0mGET /stylesheets/bootmetro.css [36m304 [0m2.356 ms - -[0m
[0mGET /stylesheets/font-awesome.css [36m304 [0m2.377 ms - -[0m
[0mGET /stylesheets/bootmetro-responsive.css [36m304 [0m1.332 ms - -[0m
[0mGET /stylesheets/_bootmetro.css [36m304 [0m0.588 ms - -[0m
[0mGET /stylesheets/bootmetro-icons.css [36m304 [0m0.581 ms - -[0m
[0mGET /stylesheets/registration.css [36m304 [0m1.065 ms - -[0m
[0mGET /javascripts/modernizr-2.6.2-respond-1.1.0.js [36m304 [0m0.895 ms - -[0m
[0mGET /stylesheets/rrweb.css [36m304 [0m0.903 ms - -[0m
[0mGET /javascripts/app.js [36m304 [0m0.749 ms - -[0m
[0mGET /javascripts/angular-resource.js [36m304 [0m0.729 ms - -[0m
[0mGET /javascripts/angular.js [36m304 [0m0.733 ms - -[0m
in users validate POST method
{ username: 'agolotin', password: 'a' }
in call to db: a
validating user
[ { first_name: 'Artem',
    last_name: 'Golotin',
    username: 'agolotin',
    password: 'a',
    email: 'artem.golotin@gmail.com',
    birthdate: Sun Dec 03 1995 07:00:00 GMT+0000 (UTC),
    _id: 5533b20fdf29fe052046d372,
    __v: 0 } ]
valid user
[0mPOST /validate/ [32m200 [0m78.016 ms - 7[0m
[0mGET / [36m304 [0m1.077 ms - -[0m
[0mGET /stylesheets/font-awesome.css [36m304 [0m0.627 ms - -[0m
[0mGET /stylesheets/main.css [36m304 [0m0.570 ms - -[0m
[0mGET /stylesheets/bootmetro-icons.css [36m304 [0m0.704 ms - -[0m
[0mGET /stylesheets/bootmetro.css [36m304 [0m0.640 ms - -[0m
[0mGET /stylesheets/_bootmetro.css [36m304 [0m0.501 ms - -[0m
[0mGET /stylesheets/bootmetro-responsive.css [36m304 [0m0.309 ms - -[0m
[0mGET /stylesheets/registration.css [36m304 [0m0.536 ms - -[0m
[0mGET /stylesheets/rrweb.css [36m304 [0m0.324 ms - -[0m
[0mGET /javascripts/angular.js [36m304 [0m0.375 ms - -[0m
[0mGET /javascripts/angular-resource.js [36m304 [0m0.654 ms - -[0m
[0mGET /javascripts/app.js [36m304 [0m0.591 ms - -[0m
[0mGET /javascripts/modernizr-2.6.2-respond-1.1.0.js [36m304 [0m0.319 ms - -[0m
[0mGET /images/RoadRunner.png [36m304 [0m0.376 ms - -[0m
[0mGET /images/zoom_in.png [36m304 [0m0.342 ms - -[0m
[0mGET /images/zoom_out.png [36m304 [0m0.290 ms - -[0m
[0mGET /images/mainLogo.png [36m304 [0m0.579 ms - -[0m
[0mGET /Contact [36m304 [0m1.137 ms - -[0m
[0mGET /stylesheets/font-awesome.css [36m304 [0m0.346 ms - -[0m
[0mGET /stylesheets/bootmetro.css [36m304 [0m0.521 ms - -[0m
[0mGET /stylesheets/bootmetro-icons.css [36m304 [0m0.496 ms - -[0m
[0mGET /stylesheets/main.css [36m304 [0m0.310 ms - -[0m
[0mGET /stylesheets/_bootmetro.css [36m304 [0m0.303 ms - -[0m
[0mGET /stylesheets/bootmetro-responsive.css [36m304 [0m0.889 ms - -[0m
[0mGET /stylesheets/registration.css [36m304 [0m0.355 ms - -[0m
[0mGET /stylesheets/rrweb.css [36m304 [0m0.305 ms - -[0m
[0mGET /javascripts/angular.js [36m304 [0m0.314 ms - -[0m
[0mGET /javascripts/angular-resource.js [36m304 [0m0.499 ms - -[0m
[0mGET /javascripts/app.js [36m304 [0m0.467 ms - -[0m
[0mGET /javascripts/modernizr-2.6.2-respond-1.1.0.js [36m304 [0m0.262 ms - -[0m
[0mGET /images/contact.png [36m304 [0m0.369 ms - -[0m
[0mGET /images/location.png [36m304 [0m0.338 ms - -[0m
[0mGET /images/mainLogo.png [36m304 [0m0.350 ms - -[0m
[0mGET /AboutUs [36m304 [0m4.086 ms - -[0m
[0mGET /stylesheets/main.css [36m304 [0m0.890 ms - -[0m
[0mGET /stylesheets/_bootmetro.css [36m304 [0m0.709 ms - -[0m
[0mGET /stylesheets/bootmetro.css [36m304 [0m0.948 ms - -[0m
[0mGET /stylesheets/font-awesome.css [36m304 [0m0.997 ms - -[0m
[0mGET /stylesheets/bootmetro-icons.css [36m304 [0m0.940 ms - -[0m
[0mGET /stylesheets/bootmetro-responsive.css [36m304 [0m0.312 ms - -[0m
[0mGET /stylesheets/rrweb.css [36m304 [0m0.642 ms - -[0m
[0mGET /stylesheets/registration.css [36m304 [0m0.584 ms - -[0m
[0mGET /stylesheets/aboutus.css [36m304 [0m0.316 ms - -[0m
[0mGET /javascripts/angular-resource.js [36m304 [0m0.313 ms - -[0m
[0mGET /javascripts/modernizr-2.6.2-respond-1.1.0.js [36m304 [0m0.312 ms - -[0m
[0mGET /javascripts/angular.js [36m304 [0m0.333 ms - -[0m
[0mGET /javascripts/app.js [36m304 [0m0.321 ms - -[0m
[0mGET /images/mainLogo.png [36m304 [0m0.385 ms - -[0m
true
[0mGET /Account [36m304 [0m1.140 ms - -[0m
[0mGET /stylesheets/main.css [36m304 [0m0.629 ms - -[0m
[0mGET /stylesheets/bootmetro.css [36m304 [0m0.653 ms - -[0m
[0mGET /stylesheets/font-awesome.css [36m304 [0m0.533 ms - -[0m
[0mGET /stylesheets/bootmetro-icons.css [36m304 [0m0.640 ms - -[0m
[0mGET /stylesheets/_bootmetro.css [36m304 [0m0.293 ms - -[0m
[0mGET /stylesheets/bootmetro-responsive.css [36m304 [0m0.303 ms - -[0m
[0mGET /stylesheets/registration.css [36m304 [0m0.317 ms - -[0m
[0mGET /stylesheets/rrweb.css [36m304 [0m0.329 ms - -[0m
[0mGET /javascripts/angular.js [36m304 [0m0.555 ms - -[0m
[0mGET /javascripts/modernizr-2.6.2-respond-1.1.0.js [36m304 [0m0.508 ms - -[0m
[0mGET /javascripts/app.js [36m304 [0m0.512 ms - -[0m
[0mGET /javascripts/angular-resource.js [36m304 [0m0.348 ms - -[0m
[0mGET /Signup [32m200 [0m1.704 ms - 7310[0m
[0mGET /stylesheets/main.css [36m304 [0m0.621 ms - -[0m
[0mGET /stylesheets/_bootmetro.css [36m304 [0m0.866 ms - -[0m
[0mGET /stylesheets/font-awesome.css [36m304 [0m0.650 ms - -[0m
[0mGET /stylesheets/bootmetro-responsive.css [36m304 [0m0.618 ms - -[0m
[0mGET /stylesheets/bootmetro.css [36m304 [0m0.757 ms - -[0m
[0mGET /stylesheets/bootmetro-icons.css [36m304 [0m0.518 ms - -[0m
[0mGET /stylesheets/registration.css [36m304 [0m0.453 ms - -[0m
[0mGET /javascripts/angular.js [36m304 [0m0.774 ms - -[0m
[0mGET /javascripts/modernizr-2.6.2-respond-1.1.0.js [36m304 [0m0.700 ms - -[0m
[0mGET /stylesheets/rrweb.css [36m304 [0m0.727 ms - -[0m
[0mGET /javascripts/angular-resource.js [36m304 [0m0.652 ms - -[0m
[0mGET /javascripts/app.js [36m304 [0m0.312 ms - -[0m
[0mGET /images/mainLogo.png [36m304 [0m0.476 ms - -[0m
[0mGET /Signup [32m200 [0m1.546 ms - 7336[0m
[0mGET /stylesheets/font-awesome.css [36m304 [0m0.415 ms - -[0m
[0mGET /stylesheets/registration.css [36m304 [0m0.326 ms - -[0m
[0mGET /stylesheets/main.css [36m304 [0m0.487 ms - -[0m
[0mGET /stylesheets/_bootmetro.css [36m304 [0m0.331 ms - -[0m
[0mGET /stylesheets/bootmetro-icons.css [36m304 [0m0.308 ms - -[0m
[0mGET /stylesheets/bootmetro.css [36m304 [0m0.579 ms - -[0m
[0mGET /stylesheets/bootmetro-responsive.css [36m304 [0m0.473 ms - -[0m
[0mGET /stylesheets/rrweb.css [36m304 [0m0.331 ms - -[0m
[0mGET /javascripts/modernizr-2.6.2-respond-1.1.0.js [36m304 [0m0.321 ms - -[0m
[0mGET /javascripts/angular.js [36m304 [0m0.536 ms - -[0m
[0mGET /javascripts/angular-resource.js [36m304 [0m0.316 ms - -[0m
[0mGET /javascripts/app.js [36m304 [0m0.549 ms - -[0m
[0mGET /images/mainLogo.png [36m304 [0m0.391 ms - -[0m
[0mGET /images/R.png [36m304 [0m0.377 ms - -[0m
[0mGET /stylesheets/font-awesome.css [36m304 [0m0.546 ms - -[0m
[0mGET /stylesheets/main.css [36m304 [0m0.332 ms - -[0m
[0mGET /stylesheets/bootmetro.css [36m304 [0m0.393 ms - -[0m
[0mGET /stylesheets/_bootmetro.css [36m304 [0m0.400 ms - -[0m
[0mGET /stylesheets/bootmetro-icons.css [36m304 [0m0.408 ms - -[0m
[0mGET /stylesheets/bootmetro-responsive.css [36m304 [0m0.353 ms - -[0m
[0mGET /stylesheets/rrweb.css [36m304 [0m0.621 ms - -[0m
[0mGET /stylesheets/registration.css [36m304 [0m0.360 ms - -[0m
[0mGET /Signup [32m200 [0m1.682 ms - 7364[0m
[0mGET /stylesheets/font-awesome.css [36m304 [0m0.707 ms - -[0m
[0mGET /stylesheets/main.css [36m304 [0m0.666 ms - -[0m
[0mGET /stylesheets/bootmetro.css [36m304 [0m0.531 ms - -[0m
[0mGET /stylesheets/_bootmetro.css [36m304 [0m0.294 ms - -[0m
[0mGET /stylesheets/bootmetro-icons.css [36m304 [0m0.697 ms - -[0m
[0mGET /stylesheets/bootmetro-responsive.css [36m304 [0m0.677 ms - -[0m
[0mGET /stylesheets/registration.css [36m304 [0m0.422 ms - -[0m
[0mGET /stylesheets/rrweb.css [36m304 [0m0.327 ms - -[0m
[0mGET /javascripts/angular.js [36m304 [0m0.317 ms - -[0m
[0mGET /javascripts/angular-resource.js [36m304 [0m0.556 ms - -[0m
[0mGET /javascripts/modernizr-2.6.2-respond-1.1.0.js [36m304 [0m0.543 ms - -[0m
[0mGET /javascripts/app.js [36m304 [0m0.646 ms - -[0m
[0mGET /images/mainLogo.png [36m304 [0m0.435 ms - -[0m
[0mGET /Signup [32m200 [0m1.440 ms - 7357[0m
[0mGET /stylesheets/font-awesome.css [36m304 [0m0.475 ms - -[0m
[0mGET /stylesheets/main.css [36m304 [0m0.751 ms - -[0m
[0mGET /stylesheets/_bootmetro.css [36m304 [0m1.588 ms - -[0m
[0mGET /stylesheets/bootmetro-icons.css [36m304 [0m0.976 ms - -[0m
[0mGET /stylesheets/bootmetro.css [36m304 [0m0.961 ms - -[0m
[0mGET /stylesheets/bootmetro-responsive.css [36m304 [0m1.286 ms - -[0m
[0mGET /stylesheets/registration.css [36m304 [0m0.466 ms - -[0m
[0mGET /stylesheets/rrweb.css [36m304 [0m0.320 ms - -[0m
[0mGET /javascripts/angular.js [36m304 [0m0.753 ms - -[0m
[0mGET /javascripts/modernizr-2.6.2-respond-1.1.0.js [36m304 [0m0.551 ms - -[0m
[0mGET /javascripts/app.js [36m304 [0m0.310 ms - -[0m
[0mGET /javascripts/angular-resource.js [36m304 [0m0.344 ms - -[0m
[0mGET /images/mainLogo.png [36m304 [0m0.507 ms - -[0m
[0mGET /images/R.png [36m304 [0m0.465 ms - -[0m
[0mGET /Signup [32m200 [0m1.451 ms - 7357[0m
[0mGET /stylesheets/font-awesome.css [36m304 [0m0.571 ms - -[0m
[0mGET /stylesheets/main.css [36m304 [0m0.754 ms - -[0m
[0mGET /stylesheets/_bootmetro.css [36m304 [0m0.565 ms - -[0m
[0mGET /stylesheets/bootmetro-responsive.css [36m304 [0m0.327 ms - -[0m
[0mGET /stylesheets/bootmetro-icons.css [36m304 [0m0.310 ms - -[0m
[0mGET /stylesheets/bootmetro.css [36m304 [0m0.775 ms - -[0m
[0mGET /stylesheets/registration.css [36m304 [0m0.553 ms - -[0m
[0mGET /stylesheets/rrweb.css [36m304 [0m0.466 ms - -[0m
[0mGET /javascripts/modernizr-2.6.2-respond-1.1.0.js [36m304 [0m0.352 ms - -[0m
[0mGET /javascripts/angular-resource.js [36m304 [0m0.321 ms - -[0m
[0mGET /javascripts/app.js [36m304 [0m0.519 ms - -[0m
[0mGET /javascripts/angular.js [36m304 [0m0.501 ms - -[0m
[0mGET /images/mainLogo.png [36m304 [0m0.536 ms - -[0m
[0mGET /Signup [36m304 [0m1.285 ms - -[0m
[0mGET /stylesheets/main.css [36m304 [0m0.396 ms - -[0m
[0mGET /stylesheets/bootmetro.css [36m304 [0m0.350 ms - -[0m
[0mGET /stylesheets/bootmetro-icons.css [36m304 [0m0.477 ms - -[0m
[0mGET /stylesheets/bootmetro-responsive.css [36m304 [0m0.332 ms - -[0m
[0mGET /stylesheets/font-awesome.css [36m304 [0m0.312 ms - -[0m
[0mGET /stylesheets/_bootmetro.css [36m304 [0m0.396 ms - -[0m
[0mGET /stylesheets/registration.css [36m304 [0m0.382 ms - -[0m
[0mGET /javascripts/modernizr-2.6.2-respond-1.1.0.js [36m304 [0m0.315 ms - -[0m
[0mGET /stylesheets/rrweb.css [36m304 [0m0.480 ms - -[0m
[0mGET /javascripts/app.js [36m304 [0m0.330 ms - -[0m
[0mGET /javascripts/angular.js [36m304 [0m0.300 ms - -[0m
[0mGET /javascripts/angular-resource.js [36m304 [0m0.293 ms - -[0m
[0mGET /images/mainLogo.png [36m304 [0m0.513 ms - -[0m
[0mGET /images/R.png [36m304 [0m0.354 ms - -[0m
[0mGET /Signup [32m200 [0m1.406 ms - 7357[0m
[0mGET /stylesheets/font-awesome.css [32m200 [0m1.331 ms - 22136[0m
[0mGET /stylesheets/main.css [32m200 [0m1.979 ms - 161[0m
[0mGET /stylesheets/bootmetro-responsive.css [32m200 [0m0.875 ms - 1242[0m
[0mGET /stylesheets/_bootmetro.css [32m200 [0m0.484 ms - 49859[0m
[0mGET /stylesheets/registration.css [32m200 [0m0.513 ms - 2081[0m
[0mGET /stylesheets/rrweb.css [32m200 [0m0.731 ms - 4297[0m
[0mGET /stylesheets/bootmetro-icons.css [32m200 [0m97.905 ms - 79904[0m
[0mGET /javascripts/modernizr-2.6.2-respond-1.1.0.js [32m200 [0m0.567 ms - 19494[0m
[0mGET /javascripts/angular-resource.js [32m200 [0m0.483 ms - 21195[0m
[0mGET /javascripts/app.js [32m200 [0m0.708 ms - 10284[0m
[0mGET /stylesheets/bootmetro.css [32m200 [0m315.098 ms - 233826[0m
[0mGET /javascripts/angular.js [32m200 [0m609.581 ms - 567370[0m
[0mGET /images/mainLogo.png [32m200 [0m0.903 ms - 34996[0m
[0mGET /Signup [32m200 [0m1.431 ms - 7285[0m
[0mGET /stylesheets/font-awesome.css [36m304 [0m0.598 ms - -[0m
[0mGET /stylesheets/main.css [36m304 [0m0.664 ms - -[0m
[0mGET /stylesheets/bootmetro.css [36m304 [0m0.321 ms - -[0m
[0mGET /stylesheets/_bootmetro.css [36m304 [0m0.769 ms - -[0m
[0mGET /stylesheets/bootmetro-responsive.css [36m304 [0m0.594 ms - -[0m
[0mGET /stylesheets/rrweb.css [36m304 [0m0.365 ms - -[0m
[0mGET /stylesheets/bootmetro-icons.css [36m304 [0m0.364 ms - -[0m
[0mGET /javascripts/modernizr-2.6.2-respond-1.1.0.js [36m304 [0m0.306 ms - -[0m
[0mGET /javascripts/angular.js [36m304 [0m0.312 ms - -[0m
[0mGET /javascripts/angular-resource.js [36m304 [0m0.431 ms - -[0m
[0mGET /javascripts/app.js [36m304 [0m0.353 ms - -[0m
[0mGET /stylesheets/registration.css [36m304 [0m0.349 ms - -[0m
[0mGET /images/mainLogo.png [36m304 [0m0.833 ms - -[0m
[0mGET /images/R.png [36m304 [0m0.590 ms - -[0m
[0mGET /Signup [32m200 [0m1.460 ms - 7286[0m
[0mGET /stylesheets/main.css [36m304 [0m0.865 ms - -[0m
[0mGET /stylesheets/bootmetro.css [36m304 [0m0.783 ms - -[0m
[0mGET /stylesheets/bootmetro-icons.css [36m304 [0m0.758 ms - -[0m
[0mGET /stylesheets/bootmetro-responsive.css [36m304 [0m0.739 ms - -[0m
[0mGET /stylesheets/_bootmetro.css [36m304 [0m0.330 ms - -[0m
[0mGET /stylesheets/font-awesome.css [36m304 [0m0.372 ms - -[0m
[0mGET /stylesheets/registration.css [36m304 [0m0.368 ms - -[0m
[0mGET /stylesheets/rrweb.css [36m304 [0m0.332 ms - -[0m
[0mGET /javascripts/angular.js [36m304 [0m0.320 ms - -[0m
[0mGET /javascripts/modernizr-2.6.2-respond-1.1.0.js [36m304 [0m0.302 ms - -[0m
[0mGET /javascripts/app.js [36m304 [0m0.450 ms - -[0m
[0mGET /javascripts/angular-resource.js [36m304 [0m0.562 ms - -[0m
[0mGET /images/mainLogo.png [36m304 [0m0.496 ms - -[0m
[0mGET /images/R.png [36m304 [0m0.669 ms - -[0m
[0mGET /Signup [32m200 [0m1.551 ms - 7286[0m
[0mGET /stylesheets/main.css [32m200 [0m1.108 ms - 161[0m
[0mGET /stylesheets/bootmetro-responsive.css [32m200 [0m0.457 ms - 1242[0m
[0mGET /stylesheets/font-awesome.css [32m200 [0m0.651 ms - 22136[0m
[0mGET /stylesheets/_bootmetro.css [32m200 [0m51.694 ms - 49859[0m
[0mGET /stylesheets/registration.css [32m200 [0m0.651 ms - 2081[0m
[0mGET /stylesheets/bootmetro-icons.css [32m200 [0m81.481 ms - 79904[0m
[0mGET /stylesheets/rrweb.css [32m200 [0m0.591 ms - 4297[0m
[0mGET /javascripts/modernizr-2.6.2-respond-1.1.0.js [32m200 [0m0.772 ms - 19494[0m
[0mGET /javascripts/angular-resource.js [32m200 [0m0.578 ms - 21195[0m
[0mGET /stylesheets/bootmetro.css [32m200 [0m447.668 ms - 233826[0m
[0mGET /javascripts/app.js [32m200 [0m0.825 ms - 10284[0m
[0mGET /javascripts/angular.js [32m200 [0m607.608 ms - 567370[0m
[0mGET /images/mainLogo.png [32m200 [0m1.010 ms - 34996[0m
[0mGET /Signup [32m200 [0m1.677 ms - 7311[0m
[0mGET /stylesheets/font-awesome.css [36m304 [0m0.682 ms - -[0m
[0mGET /stylesheets/main.css [36m304 [0m0.647 ms - -[0m
[0mGET /stylesheets/bootmetro-responsive.css [36m304 [0m1.490 ms - -[0m
[0mGET /stylesheets/bootmetro-icons.css [36m304 [0m1.376 ms - -[0m
[0mGET /stylesheets/_bootmetro.css [36m304 [0m0.352 ms - -[0m
[0mGET /stylesheets/bootmetro.css [36m304 [0m0.315 ms - -[0m
[0mGET /stylesheets/registration.css [36m304 [0m0.600 ms - -[0m
[0mGET /stylesheets/rrweb.css [36m304 [0m0.348 ms - -[0m
[0mGET /javascripts/modernizr-2.6.2-respond-1.1.0.js [36m304 [0m0.536 ms - -[0m
[0mGET /javascripts/angular.js [36m304 [0m0.335 ms - -[0m
[0mGET /javascripts/angular-resource.js [36m304 [0m0.310 ms - -[0m
[0mGET /javascripts/app.js [36m304 [0m0.576 ms - -[0m
[0mGET /images/mainLogo.png [36m304 [0m0.486 ms - -[0m
[0mGET /images/R.png [36m304 [0m0.440 ms - -[0m
[0mGET / [36m304 [0m1.567 ms - -[0m
[0mGET /stylesheets/_bootmetro.css [32m200 [0m1.310 ms - 49859[0m
[0mGET /stylesheets/font-awesome.css [32m200 [0m1.897 ms - 22136[0m
[0mGET /stylesheets/bootmetro-icons.css [32m200 [0m1.950 ms - 79904[0m
[0mGET /stylesheets/bootmetro-responsive.css [32m200 [0m1.581 ms - 1242[0m
[0mGET /stylesheets/main.css [32m200 [0m1.152 ms - 161[0m
[0mGET /stylesheets/registration.css [32m200 [0m0.678 ms - 2081[0m
[0mGET /stylesheets/rrweb.css [32m200 [0m0.630 ms - 4297[0m
[0mGET /javascripts/modernizr-2.6.2-respond-1.1.0.js [32m200 [0m0.712 ms - 19494[0m
[0mGET /javascripts/angular-resource.js [32m200 [0m0.713 ms - 21195[0m
[0mGET /javascripts/app.js [32m200 [0m0.744 ms - 10284[0m
[0mGET /images/RoadRunner.png [36m304 [0m0.493 ms - -[0m
[0mGET /images/zoom_in.png [36m304 [0m0.719 ms - -[0m
[0mGET /images/zoom_out.png [36m304 [0m0.506 ms - -[0m
[0mGET /stylesheets/bootmetro.css [32m200 [0m573.591 ms - 233826[0m
[0mGET /javascripts/angular.js [32m200 [0m471.225 ms - 567370[0m
[0mGET /images/mainLogo.png [32m200 [0m1.145 ms - 34996[0m
[0mGET /AboutUs [36m304 [0m1.121 ms - -[0m
[0mGET /stylesheets/font-awesome.css [32m200 [0m0.788 ms - 22136[0m
[0mGET /stylesheets/bootmetro-responsive.css [32m200 [0m1.411 ms - 1242[0m
[0mGET /stylesheets/bootmetro-icons.css [32m200 [0m1.829 ms - 79904[0m
[0mGET /stylesheets/main.css [32m200 [0m0.997 ms - 161[0m
[0mGET /stylesheets/_bootmetro.css [32m200 [0m0.864 ms - 49859[0m
[0mGET /stylesheets/rrweb.css [32m200 [0m1.479 ms - 4297[0m
[0mGET /stylesheets/aboutus.css [36m304 [0m0.545 ms - -[0m
[0mGET /stylesheets/registration.css [32m200 [0m2.021 ms - 2081[0m
[0mGET /stylesheets/bootmetro.css [32m200 [0m380.151 ms - 233826[0m
[0mGET /javascripts/angular-resource.js [32m200 [0m1.054 ms - 21195[0m
[0mGET /javascripts/modernizr-2.6.2-respond-1.1.0.js [32m200 [0m10.434 ms - 19494[0m
[0mGET /javascripts/app.js [32m200 [0m0.888 ms - 10284[0m
[0mGET /javascripts/angular.js [32m200 [0m880.978 ms - 567370[0m
[0mGET /images/mainLogo.png [32m200 [0m0.908 ms - 34996[0m
[0mGET /Contact [36m304 [0m1.450 ms - -[0m
[0mGET /stylesheets/main.css [32m200 [0m0.744 ms - 161[0m
[0mGET /stylesheets/bootmetro-responsive.css [32m200 [0m0.447 ms - 1242[0m
[0mGET /stylesheets/bootmetro-icons.css [32m200 [0m2.030 ms - 79904[0m
[0mGET /stylesheets/bootmetro.css [32m200 [0m2.456 ms - 233826[0m
[0mGET /stylesheets/_bootmetro.css [32m200 [0m0.754 ms - 49859[0m
[0mGET /stylesheets/font-awesome.css [32m200 [0m0.613 ms - 22136[0m
[0mGET /stylesheets/registration.css [32m200 [0m0.586 ms - 2081[0m
[0mGET /stylesheets/rrweb.css [32m200 [0m0.448 ms - 4297[0m
[0mGET /javascripts/modernizr-2.6.2-respond-1.1.0.js [32m200 [0m0.540 ms - 19494[0m
[0mGET /javascripts/angular-resource.js [32m200 [0m0.644 ms - 21195[0m
[0mGET /javascripts/app.js [32m200 [0m0.488 ms - 10284[0m
[0mGET /images/contact.png [36m304 [0m0.438 ms - -[0m
[0mGET /images/location.png [36m304 [0m0.403 ms - -[0m
[0mGET /javascripts/angular.js [32m200 [0m607.121 ms - 567370[0m
[0mGET /images/mainLogo.png [32m200 [0m0.802 ms - 34996[0m
[0mGET / [36m304 [0m1.113 ms - -[0m
[0mGET /stylesheets/font-awesome.css [32m200 [0m0.738 ms - 22136[0m
[0mGET /stylesheets/bootmetro-responsive.css [32m200 [0m0.496 ms - 1242[0m
[0mGET /stylesheets/_bootmetro.css [32m200 [0m0.579 ms - 49859[0m
[0mGET /stylesheets/bootmetro-icons.css [32m200 [0m0.663 ms - 79904[0m
[0mGET /stylesheets/main.css [32m200 [0m0.493 ms - 161[0m
[0mGET /stylesheets/registration.css [32m200 [0m0.566 ms - 2081[0m
[0mGET /stylesheets/rrweb.css [32m200 [0m0.451 ms - 4297[0m
[0mGET /javascripts/modernizr-2.6.2-respond-1.1.0.js [32m200 [0m0.680 ms - 19494[0m
[0mGET /javascripts/angular-resource.js [32m200 [0m0.566 ms - 21195[0m
[0mGET /javascripts/app.js [32m200 [0m0.768 ms - 10284[0m
[0mGET /images/RoadRunner.png [36m304 [0m0.472 ms - -[0m
[0mGET /images/zoom_in.png [36m304 [0m0.446 ms - -[0m
[0mGET /images/zoom_out.png [36m304 [0m0.720 ms - -[0m
[0mGET /stylesheets/bootmetro.css [32m200 [0m899.006 ms - 233826[0m
[0mGET /javascripts/angular.js [32m200 [0m818.386 ms - 567370[0m
[0mGET /images/mainLogo.png [32m200 [0m0.880 ms - 34996[0m
true
[0mGET /Account [36m304 [0m0.950 ms - -[0m
[0mGET /stylesheets/bootmetro-icons.css [32m200 [0m0.882 ms - 79904[0m
[0mGET /stylesheets/bootmetro.css [32m200 [0m0.821 ms - 233826[0m
[0mGET /stylesheets/_bootmetro.css [32m200 [0m0.573 ms - 49859[0m
[0mGET /stylesheets/font-awesome.css [32m200 [0m1.329 ms - 22136[0m
[0mGET /stylesheets/main.css [32m200 [0m0.807 ms - 161[0m
[0mGET /stylesheets/bootmetro-responsive.css [32m200 [0m0.861 ms - 1242[0m
[0mGET /stylesheets/registration.css [32m200 [0m0.700 ms - 2081[0m
[0mGET /stylesheets/rrweb.css [32m200 [0m0.719 ms - 4297[0m
[0mGET /javascripts/modernizr-2.6.2-respond-1.1.0.js [32m200 [0m0.506 ms - 19494[0m
[0mGET /javascripts/app.js [32m200 [0m0.498 ms - 10284[0m
[0mGET /javascripts/angular-resource.js [32m200 [0m0.412 ms - 21195[0m
[0mGET /javascripts/angular.js [32m200 [0m453.589 ms - 567370[0m
[0mGET /images/mainLogo.png [32m200 [0m0.903 ms - 34996[0m
[0mGET /font/fontawesome-webfont.woff?v=3.0.1 [33m404 [0m1.232 ms - 887[0m
[0mGET /font/fontawesome-webfont.ttf?v=3.0.1 [33m404 [0m1.659 ms - 887[0m
[0mGET / [36m304 [0m1.100 ms - -[0m
[0mGET /stylesheets/font-awesome.css [32m200 [0m0.613 ms - 22136[0m
[0mGET /stylesheets/main.css [32m200 [0m0.442 ms - 161[0m
[0mGET /stylesheets/bootmetro-icons.css [32m200 [0m0.623 ms - 79904[0m
[0mGET /stylesheets/_bootmetro.css [32m200 [0m2.101 ms - 49859[0m
[0mGET /stylesheets/bootmetro-responsive.css [32m200 [0m2.096 ms - 1242[0m
[0mGET /stylesheets/registration.css [32m200 [0m1.208 ms - 2081[0m
[0mGET /stylesheets/rrweb.css [32m200 [0m0.589 ms - 4297[0m
[0mGET /javascripts/modernizr-2.6.2-respond-1.1.0.js [32m200 [0m0.797 ms - 19494[0m
[0mGET /javascripts/angular-resource.js [32m200 [0m0.970 ms - 21195[0m
[0mGET /javascripts/app.js [32m200 [0m0.623 ms - 10284[0m
[0mGET /images/RoadRunner.png [36m304 [0m0.446 ms - -[0m
[0mGET /images/zoom_in.png [36m304 [0m0.484 ms - -[0m
[0mGET /images/zoom_out.png [36m304 [0m0.373 ms - -[0m
[0mGET /stylesheets/bootmetro.css [32m200 [0m545.924 ms - 233826[0m
[0mGET /javascripts/angular.js [32m200 [0m1407.855 ms - 567370[0m
[0mGET /images/mainLogo.png [32m200 [0m0.835 ms - 34996[0m
true
[0mGET /Account [36m304 [0m0.983 ms - -[0m
[0mGET /stylesheets/bootmetro-responsive.css [32m200 [0m0.680 ms - 1242[0m
[0mGET /stylesheets/bootmetro-icons.css [32m200 [0m0.678 ms - 79904[0m
[0mGET /stylesheets/_bootmetro.css [32m200 [0m0.683 ms - 49859[0m
[0mGET /stylesheets/font-awesome.css [32m200 [0m0.526 ms - 22136[0m
[0mGET /stylesheets/main.css [32m200 [0m0.476 ms - 161[0m
[0mGET /stylesheets/registration.css [32m200 [0m0.516 ms - 2081[0m
[0mGET /stylesheets/rrweb.css [32m200 [0m0.696 ms - 4297[0m
[0mGET /javascripts/modernizr-2.6.2-respond-1.1.0.js [32m200 [0m0.509 ms - 19494[0m
[0mGET /javascripts/angular-resource.js [32m200 [0m0.558 ms - 21195[0m
[0mGET /javascripts/app.js [32m200 [0m0.512 ms - 10284[0m
[0mGET /stylesheets/bootmetro.css [32m200 [0m400.813 ms - 233826[0m
[0mGET /javascripts/angular.js [32m200 [0m533.516 ms - 567370[0m
[0mGET /images/mainLogo.png [32m200 [0m0.742 ms - 34996[0m
[0mGET /font/fontawesome-webfont.woff?v=3.0.1 [33m404 [0m0.915 ms - 887[0m
[0mGET /font/fontawesome-webfont.ttf?v=3.0.1 [33m404 [0m1.110 ms - 887[0m
[0mGET /Signup [36m304 [0m0.975 ms - -[0m
[0mGET /stylesheets/font-awesome.css [32m200 [0m0.968 ms - 22136[0m
[0mGET /stylesheets/_bootmetro.css [32m200 [0m1.093 ms - 49859[0m
[0mGET /stylesheets/bootmetro-responsive.css [32m200 [0m0.437 ms - 1242[0m
[0mGET /stylesheets/main.css [32m200 [0m0.897 ms - 161[0m
[0mGET /stylesheets/bootmetro-icons.css [32m200 [0m0.742 ms - 79904[0m
[0mGET /stylesheets/registration.css [32m200 [0m0.519 ms - 2081[0m
[0mGET /stylesheets/rrweb.css [32m200 [0m0.479 ms - 4297[0m
[0mGET /javascripts/modernizr-2.6.2-respond-1.1.0.js [32m200 [0m0.772 ms - 19494[0m
[0mGET /javascripts/angular-resource.js [32m200 [0m0.746 ms - 21195[0m
[0mGET /javascripts/app.js [32m200 [0m0.514 ms - 10284[0m
[0mGET /javascripts/angular.js [32m200 [0m426.005 ms - 567370[0m
[0mGET /stylesheets/bootmetro.css [32m200 [0m835.541 ms - 233826[0m
[0mGET /images/mainLogo.png [32m200 [0m0.693 ms - 34996[0m
[0mGET / [36m304 [0m1.019 ms - -[0m
[0mGET /stylesheets/font-awesome.css [32m200 [0m0.845 ms - 22136[0m
[0mGET /stylesheets/bootmetro.css [32m200 [0m0.878 ms - 233826[0m
[0mGET /stylesheets/bootmetro-icons.css [32m200 [0m0.962 ms - 79904[0m
[0mGET /stylesheets/bootmetro-responsive.css [32m200 [0m0.674 ms - 1242[0m
[0mGET /stylesheets/main.css [32m200 [0m0.438 ms - 161[0m
[0mGET /stylesheets/_bootmetro.css [32m200 [0m0.532 ms - 49859[0m
[0mGET /stylesheets/registration.css [32m200 [0m0.698 ms - 2081[0m
[0mGET /javascripts/modernizr-2.6.2-respond-1.1.0.js [32m200 [0m0.758 ms - 19494[0m
[0mGET /stylesheets/rrweb.css [32m200 [0m0.463 ms - 4297[0m
[0mGET /javascripts/angular-resource.js [32m200 [0m0.912 ms - 21195[0m
[0mGET /javascripts/app.js [32m200 [0m0.873 ms - 10284[0m
[0mGET /images/RoadRunner.png [36m304 [0m0.891 ms - -[0m
[0mGET /images/zoom_in.png [36m304 [0m0.453 ms - -[0m
[0mGET /images/zoom_out.png [36m304 [0m0.502 ms - -[0m
[0mGET /javascripts/angular.js [32m200 [0m742.422 ms - 567370[0m
[0mGET /images/mainLogo.png [32m200 [0m0.833 ms - 34996[0m
[0mGET /Contact [36m304 [0m0.979 ms - -[0m
[0mGET /stylesheets/font-awesome.css [32m200 [0m0.911 ms - 22136[0m
[0mGET /stylesheets/bootmetro-responsive.css [32m200 [0m0.794 ms - 1242[0m
[0mGET /stylesheets/bootmetro.css [32m200 [0m1.178 ms - 233826[0m
[0mGET /stylesheets/main.css [32m200 [0m0.495 ms - 161[0m
[0mGET /stylesheets/_bootmetro.css [32m200 [0m0.584 ms - 49859[0m
[0mGET /stylesheets/bootmetro-icons.css [32m200 [0m0.699 ms - 79904[0m
[0mGET /stylesheets/registration.css [32m200 [0m1.025 ms - 2081[0m
[0mGET /stylesheets/rrweb.css [32m200 [0m0.867 ms - 4297[0m
[0mGET /javascripts/modernizr-2.6.2-respond-1.1.0.js [32m200 [0m0.775 ms - 19494[0m
[0mGET /javascripts/angular-resource.js [32m200 [0m0.740 ms - 21195[0m
[0mGET /javascripts/app.js [32m200 [0m0.633 ms - 10284[0m
[0mGET /images/contact.png [36m304 [0m0.492 ms - -[0m
[0mGET /images/location.png [36m304 [0m0.424 ms - -[0m
[0mGET /javascripts/angular.js [32m200 [0m1269.353 ms - 567370[0m
[0mGET /images/mainLogo.png [32m200 [0m0.731 ms - 34996[0m
[0mGET / [36m304 [0m1.070 ms - -[0m
[0mGET /stylesheets/_bootmetro.css [32m200 [0m1.239 ms - 49859[0m
[0mGET /stylesheets/bootmetro-icons.css [32m200 [0m2.967 ms - 79904[0m
[0mGET /stylesheets/bootmetro-responsive.css [32m200 [0m0.503 ms - 1242[0m
[0mGET /stylesheets/main.css [32m200 [0m0.530 ms - 161[0m
[0mGET /stylesheets/font-awesome.css [32m200 [0m1.052 ms - 22136[0m
[0mGET /stylesheets/registration.css [32m200 [0m0.592 ms - 2081[0m
[0mGET /stylesheets/rrweb.css [32m200 [0m0.700 ms - 4297[0m
[0mGET /javascripts/modernizr-2.6.2-respond-1.1.0.js [32m200 [0m0.727 ms - 19494[0m
[0mGET /stylesheets/bootmetro.css [32m200 [0m247.081 ms - 233826[0m
[0mGET /javascripts/app.js [32m200 [0m0.857 ms - 10284[0m
[0mGET /javascripts/angular-resource.js [32m200 [0m0.881 ms - 21195[0m
[0mGET /images/RoadRunner.png [36m304 [0m0.339 ms - -[0m
[0mGET /images/zoom_in.png [36m304 [0m0.511 ms - -[0m
[0mGET /images/zoom_out.png [36m304 [0m0.430 ms - -[0m
[0mGET /javascripts/angular.js [32m200 [0m440.390 ms - 567370[0m
[0mGET /images/mainLogo.png [32m200 [0m0.763 ms - 34996[0m
