nohup: ignoring input

> roadrunner@0.0.0 start /var/roadrunner
> node ./bin/www

[0mGET / [36m304 [0m11.731 ms - -[0m
[0mGET /stylesheets/main.css [36m304 [0m2.537 ms - -[0m
[0mGET /stylesheets/_bootmetro.css [36m304 [0m0.653 ms - -[0m
[0mGET /stylesheets/bootmetro.css [36m304 [0m0.322 ms - -[0m
[0mGET /stylesheets/font-awesome.css [36m304 [0m0.493 ms - -[0m
[0mGET /stylesheets/registration.css [36m304 [0m0.341 ms - -[0m
[0mGET /stylesheets/bootmetro-responsive.css [36m304 [0m0.618 ms - -[0m
[0mGET /stylesheets/rrweb.css [36m304 [0m0.576 ms - -[0m
[0mGET /stylesheets/bootmetro-icons.css [36m304 [0m0.530 ms - -[0m
[0mGET /javascripts/modernizr-2.6.2-respond-1.1.0.js [36m304 [0m0.492 ms - -[0m
[0mGET /javascripts/angular-resource.js [36m304 [0m0.347 ms - -[0m
[0mGET /javascripts/angular.js [36m304 [0m0.337 ms - -[0m
[0mGET /images/RoadRunner.png [36m304 [0m0.711 ms - -[0m
[0mGET /javascripts/app.js [36m304 [0m0.337 ms - -[0m
[0mGET /images/zoom_in.png [36m304 [0m0.680 ms - -[0m
[0mGET /images/zoom_out.png [36m304 [0m0.351 ms - -[0m
[0mGET /images/mainLogo.png [36m304 [0m0.619 ms - -[0m
[0mGET /AboutUs [36m304 [0m1.897 ms - -[0m
[0mGET /stylesheets/bootmetro.css [36m304 [0m0.506 ms - -[0m
[0mGET /stylesheets/_bootmetro.css [36m304 [0m0.800 ms - -[0m
[0mGET /stylesheets/font-awesome.css [36m304 [0m0.510 ms - -[0m
[0mGET /stylesheets/bootmetro-icons.css [36m304 [0m0.337 ms - -[0m
[0mGET /stylesheets/main.css [36m304 [0m0.296 ms - -[0m
[0mGET /stylesheets/registration.css [36m304 [0m0.551 ms - -[0m
[0mGET /stylesheets/bootmetro-responsive.css [36m304 [0m0.523 ms - -[0m
[0mGET /stylesheets/rrweb.css [36m304 [0m0.300 ms - -[0m
[0mGET /javascripts/angular-resource.js [36m304 [0m0.437 ms - -[0m
[0mGET /javascripts/app.js [36m304 [0m0.327 ms - -[0m
[0mGET /javascripts/angular.js [36m304 [0m0.317 ms - -[0m
[0mGET /javascripts/modernizr-2.6.2-respond-1.1.0.js [36m304 [0m0.296 ms - -[0m
[0mGET /images/mainLogo.png [36m304 [0m0.504 ms - -[0m
[0mGET /Contact [32m200 [0m2.301 ms - 2705[0m
[0mGET /stylesheets/bootmetro-icons.css [36m304 [0m0.441 ms - -[0m
[0mGET /stylesheets/bootmetro.css [36m304 [0m0.307 ms - -[0m
[0mGET /stylesheets/_bootmetro.css [36m304 [0m0.301 ms - -[0m
[0mGET /stylesheets/bootmetro-responsive.css [36m304 [0m0.327 ms - -[0m
[0mGET /stylesheets/main.css [36m304 [0m0.284 ms - -[0m
[0mGET /stylesheets/font-awesome.css [36m304 [0m0.338 ms - -[0m
[0mGET /stylesheets/registration.css [36m304 [0m0.334 ms - -[0m
[0mGET /stylesheets/rrweb.css [36m304 [0m0.316 ms - -[0m
[0mGET /javascripts/modernizr-2.6.2-respond-1.1.0.js [36m304 [0m0.448 ms - -[0m
[0mGET /javascripts/app.js [36m304 [0m0.494 ms - -[0m
[0mGET /javascripts/angular-resource.js [36m304 [0m0.510 ms - -[0m
[0mGET /javascripts/angular.js [36m304 [0m0.653 ms - -[0m
[0mGET /images/mainLogo.png [36m304 [0m0.498 ms - -[0m
[0mGET /AboutUs [36m304 [0m1.830 ms - -[0m
[0mGET /stylesheets/font-awesome.css [36m304 [0m0.353 ms - -[0m
[0mGET /stylesheets/main.css [36m304 [0m0.745 ms - -[0m
[0mGET /stylesheets/_bootmetro.css [36m304 [0m0.522 ms - -[0m
[0mGET /stylesheets/bootmetro.css [36m304 [0m0.320 ms - -[0m
[0mGET /stylesheets/registration.css [36m304 [0m0.421 ms - -[0m
[0mGET /stylesheets/bootmetro-responsive.css [36m304 [0m0.288 ms - -[0m
[0mGET /javascripts/modernizr-2.6.2-respond-1.1.0.js [36m304 [0m0.675 ms - -[0m
[0mGET /stylesheets/bootmetro-icons.css [36m304 [0m1.595 ms - -[0m
[0mGET /stylesheets/rrweb.css [36m304 [0m0.300 ms - -[0m
[0mGET /javascripts/angular.js [36m304 [0m0.317 ms - -[0m
[0mGET /javascripts/angular-resource.js [36m304 [0m0.348 ms - -[0m
[0mGET /javascripts/app.js [36m304 [0m0.300 ms - -[0m
[0mGET /images/mainLogo.png [36m304 [0m0.394 ms - -[0m
[0mGET / [36m304 [0m1.136 ms - -[0m
[0mGET /stylesheets/bootmetro.css [36m304 [0m0.438 ms - -[0m
[0mGET /stylesheets/bootmetro-icons.css [36m304 [0m0.325 ms - -[0m
[0mGET /stylesheets/_bootmetro.css [36m304 [0m0.350 ms - -[0m
[0mGET /stylesheets/bootmetro-responsive.css [36m304 [0m0.313 ms - -[0m
[0mGET /stylesheets/main.css [36m304 [0m0.864 ms - -[0m
[0mGET /stylesheets/font-awesome.css [36m304 [0m1.073 ms - -[0m
[0mGET /stylesheets/registration.css [36m304 [0m0.384 ms - -[0m
[0mGET /stylesheets/rrweb.css [36m304 [0m3.080 ms - -[0m
[0mGET /javascripts/modernizr-2.6.2-respond-1.1.0.js [36m304 [0m1.077 ms - -[0m
[0mGET /javascripts/angular.js [36m304 [0m0.307 ms - -[0m
[0mGET /images/RoadRunner.png [36m304 [0m0.416 ms - -[0m
[0mGET /javascripts/angular-resource.js [36m304 [0m0.422 ms - -[0m
[0mGET /javascripts/app.js [36m304 [0m0.339 ms - -[0m
[0mGET /images/zoom_in.png [36m304 [0m0.309 ms - -[0m
[0mGET /images/zoom_out.png [36m304 [0m0.403 ms - -[0m
[0mGET /images/mainLogo.png [36m304 [0m0.391 ms - -[0m
[0mGET /AboutUs [36m304 [0m1.069 ms - -[0m
[0mGET /stylesheets/bootmetro-icons.css [36m304 [0m0.405 ms - -[0m
[0mGET /stylesheets/bootmetro-responsive.css [36m304 [0m0.324 ms - -[0m
[0mGET /stylesheets/main.css [36m304 [0m0.621 ms - -[0m
[0mGET /stylesheets/font-awesome.css [36m304 [0m0.385 ms - -[0m
[0mGET /stylesheets/registration.css [36m304 [0m0.355 ms - -[0m
[0mGET /stylesheets/rrweb.css [36m304 [0m0.502 ms - -[0m
[0mGET /stylesheets/bootmetro.css [36m304 [0m0.707 ms - -[0m
[0mGET /stylesheets/_bootmetro.css [36m304 [0m0.748 ms - -[0m
[0mGET /javascripts/angular-resource.js [36m304 [0m0.293 ms - -[0m
[0mGET /javascripts/app.js [36m304 [0m0.621 ms - -[0m
[0mGET /javascripts/modernizr-2.6.2-respond-1.1.0.js [36m304 [0m0.305 ms - -[0m
[0mGET /javascripts/angular.js [36m304 [0m0.305 ms - -[0m
[0mGET /images/mainLogo.png [36m304 [0m0.555 ms - -[0m
true
[0mGET /Account [36m304 [0m1.724 ms - -[0m
[0mGET /stylesheets/bootmetro-icons.css [36m304 [0m1.126 ms - -[0m
[0mGET /stylesheets/main.css [36m304 [0m0.457 ms - -[0m
[0mGET /stylesheets/bootmetro.css [36m304 [0m0.369 ms - -[0m
[0mGET /stylesheets/_bootmetro.css [36m304 [0m0.448 ms - -[0m
[0mGET /stylesheets/bootmetro-responsive.css [36m304 [0m0.385 ms - -[0m
[0mGET /stylesheets/font-awesome.css [36m304 [0m0.288 ms - -[0m
[0mGET /stylesheets/registration.css [36m304 [0m0.455 ms - -[0m
[0mGET /stylesheets/rrweb.css [36m304 [0m0.338 ms - -[0m
[0mGET /javascripts/modernizr-2.6.2-respond-1.1.0.js [36m304 [0m0.335 ms - -[0m
[0mGET /javascripts/angular-resource.js [36m304 [0m0.567 ms - -[0m
[0mGET /javascripts/app.js [36m304 [0m0.399 ms - -[0m
[0mGET /javascripts/angular.js [36m304 [0m0.328 ms - -[0m
in users validate POST method
{ username: 'a', password: 'a' }
[Error: /usr/local/lib/node_modules/mongodb/node_modules/bson/build/Release/bson.node: invalid ELF header]
js-bson: Failed to load c++ bson extension, using pure JS version
in call to db: a
validating user
[ { first_name: 'a',
    last_name: 'a',
    username: 'a',
    password: 'a',
    email: 'a',
    birthdate: Sat Dec 01 2012 07:00:00 GMT+0000 (UTC),
    _id: 552d0994e23e4767408cf08e,
    __v: 0 } ]
valid user
[0mPOST /validate/ [32m200 [0m204.250 ms - 3[0m
[0mGET / [36m304 [0m2.196 ms - -[0m
[0mGET /stylesheets/_bootmetro.css [36m304 [0m0.834 ms - -[0m
[0mGET /stylesheets/main.css [36m304 [0m5.184 ms - -[0m
[0mGET /stylesheets/font-awesome.css [36m304 [0m0.583 ms - -[0m
[0mGET /stylesheets/bootmetro-responsive.css [36m304 [0m1.141 ms - -[0m
[0mGET /stylesheets/bootmetro.css [36m304 [0m0.967 ms - -[0m
[0mGET /stylesheets/bootmetro-icons.css [36m304 [0m0.506 ms - -[0m
[0mGET /stylesheets/registration.css [36m304 [0m0.588 ms - -[0m
[0mGET /stylesheets/rrweb.css [36m304 [0m0.621 ms - -[0m
[0mGET /javascripts/app.js [36m304 [0m0.555 ms - -[0m
[0mGET /javascripts/angular.js [36m304 [0m6.382 ms - -[0m
[0mGET /javascripts/angular-resource.js [36m304 [0m0.815 ms - -[0m
[0mGET /javascripts/modernizr-2.6.2-respond-1.1.0.js [36m304 [0m27.322 ms - -[0m
[0mGET /images/RoadRunner.png [36m304 [0m0.749 ms - -[0m
[0mGET /images/zoom_in.png [36m304 [0m0.734 ms - -[0m
[0mGET /images/zoom_out.png [36m304 [0m0.580 ms - -[0m
[0mGET /images/mainLogo.png [36m304 [0m0.536 ms - -[0m
false
[0mGET /Account [32m200 [0m1.617 ms - 4570[0m
[0mGET /stylesheets/bootmetro.css [36m304 [0m0.604 ms - -[0m
[0mGET /stylesheets/bootmetro-responsive.css [36m304 [0m0.633 ms - -[0m
[0mGET /stylesheets/_bootmetro.css [36m304 [0m0.516 ms - -[0m
[0mGET /stylesheets/bootmetro-icons.css [36m304 [0m0.371 ms - -[0m
[0mGET /stylesheets/font-awesome.css [36m304 [0m1.775 ms - -[0m
[0mGET /stylesheets/main.css [36m304 [0m0.620 ms - -[0m
[0mGET /javascripts/angular.js [36m304 [0m0.562 ms - -[0m
[0mGET /javascripts/modernizr-2.6.2-respond-1.1.0.js [36m304 [0m1.568 ms - -[0m
[0mGET /javascripts/angular-resource.js [36m304 [0m0.582 ms - -[0m
[0mGET /stylesheets/rrweb.css [36m304 [0m5.195 ms - -[0m
[0mGET /stylesheets/registration.css [36m304 [0m3.283 ms - -[0m
[0mGET /javascripts/app.js [36m304 [0m2.706 ms - -[0m
[0mGET /images/mainLogo.png [36m304 [0m0.812 ms - -[0m
[0mGET /getRoutes/a/a/null [36m304 [0m17.102 ms - -[0m
in users getUserData POST method
{ username: 'a', password: 'a' }
in call to db: a
validating user
[ { first_name: 'a',
    last_name: 'a',
    username: 'a',
    password: 'a',
    email: 'a',
    birthdate: Sat Dec 01 2012 07:00:00 GMT+0000 (UTC),
    _id: 552d0994e23e4767408cf08e,
    __v: 0 } ]
valid user
[0mPOST /GetUserData/ [32m200 [0m85.520 ms - 71[0m
[0mGET / [36m304 [0m1.170 ms - -[0m
[0mGET /stylesheets/bootmetro-icons.css [36m304 [0m0.815 ms - -[0m
[0mGET /stylesheets/_bootmetro.css [36m304 [0m0.703 ms - -[0m
[0mGET /stylesheets/bootmetro.css [36m304 [0m0.649 ms - -[0m
[0mGET /stylesheets/bootmetro-responsive.css [36m304 [0m0.852 ms - -[0m
[0mGET /stylesheets/font-awesome.css [36m304 [0m0.362 ms - -[0m
[0mGET /stylesheets/main.css [36m304 [0m1.085 ms - -[0m
[0mGET /stylesheets/registration.css [36m304 [0m1.334 ms - -[0m
[0mGET /stylesheets/rrweb.css [36m304 [0m0.509 ms - -[0m
[0mGET /javascripts/modernizr-2.6.2-respond-1.1.0.js [36m304 [0m0.489 ms - -[0m
[0mGET /javascripts/angular.js [36m304 [0m0.300 ms - -[0m
[0mGET /images/RoadRunner.png [36m304 [0m0.292 ms - -[0m
[0mGET /javascripts/angular-resource.js [36m304 [0m0.518 ms - -[0m
[0mGET /javascripts/app.js [36m304 [0m0.511 ms - -[0m
[0mGET /images/zoom_in.png [36m304 [0m0.569 ms - -[0m
[0mGET /images/zoom_out.png [36m304 [0m0.372 ms - -[0m
[0mGET /images/mainLogo.png [36m304 [0m0.354 ms - -[0m
[0mGET /AboutUs [32m200 [0m2.222 ms - 2537[0m
[0mGET /stylesheets/font-awesome.css [36m304 [0m0.566 ms - -[0m
[0mGET /stylesheets/_bootmetro.css [36m304 [0m0.446 ms - -[0m
[0mGET /stylesheets/registration.css [36m304 [0m0.337 ms - -[0m
[0mGET /stylesheets/bootmetro-responsive.css [36m304 [0m0.377 ms - -[0m
[0mGET /stylesheets/bootmetro.css [36m304 [0m0.400 ms - -[0m
[0mGET /stylesheets/main.css [36m304 [0m0.322 ms - -[0m
[0mGET /stylesheets/bootmetro-icons.css [36m304 [0m0.315 ms - -[0m
[0mGET /stylesheets/rrweb.css [36m304 [0m0.301 ms - -[0m
[0mGET /javascripts/modernizr-2.6.2-respond-1.1.0.js [36m304 [0m0.364 ms - -[0m
[0mGET /javascripts/angular.js [36m304 [0m0.318 ms - -[0m
[0mGET /javascripts/app.js [36m304 [0m0.327 ms - -[0m
[0mGET /javascripts/angular-resource.js [36m304 [0m0.304 ms - -[0m
[0mGET /images/mainLogo.png [36m304 [0m0.514 ms - -[0m
[0mGET /stylesheets/main.css [36m304 [0m1.542 ms - -[0m
[0mGET /stylesheets/bootmetro.css [36m304 [0m1.480 ms - -[0m
[0mGET /stylesheets/_bootmetro.css [36m304 [0m1.510 ms - -[0m
[0mGET /stylesheets/bootmetro-icons.css [36m304 [0m1.499 ms - -[0m
[0mGET /stylesheets/font-awesome.css [36m304 [0m1.453 ms - -[0m
[0mGET /stylesheets/bootmetro-responsive.css [36m304 [0m1.422 ms - -[0m
[0mGET /stylesheets/registration.css [36m304 [0m0.372 ms - -[0m
[0mGET /stylesheets/rrweb.css [36m304 [0m0.302 ms - -[0m
[0mGET /AboutUs [32m200 [0m1.150 ms - 2543[0m
[0mGET /stylesheets/font-awesome.css [36m304 [0m0.476 ms - -[0m
[0mGET /stylesheets/_bootmetro.css [36m304 [0m0.393 ms - -[0m
[0mGET /stylesheets/bootmetro-icons.css [36m304 [0m0.398 ms - -[0m
[0mGET /stylesheets/bootmetro.css [36m304 [0m0.311 ms - -[0m
[0mGET /stylesheets/main.css [36m304 [0m0.331 ms - -[0m
[0mGET /stylesheets/registration.css [36m304 [0m0.268 ms - -[0m
[0mGET /stylesheets/bootmetro-responsive.css [36m304 [0m0.341 ms - -[0m
[0mGET /stylesheets/rrweb.css [36m304 [0m0.319 ms - -[0m
[0mGET /javascripts/modernizr-2.6.2-respond-1.1.0.js [36m304 [0m0.546 ms - -[0m
[0mGET /javascripts/angular-resource.js [36m304 [0m0.533 ms - -[0m
[0mGET /javascripts/angular.js [36m304 [0m0.305 ms - -[0m
[0mGET /javascripts/app.js [36m304 [0m0.302 ms - -[0m
[0mGET /images/mainLogo.png [36m304 [0m0.551 ms - -[0m
[0mHEAD / [32m200 [0m1.012 ms - 14566[0m
[0mGET /AboutUs [32m200 [0m1.130 ms - 2566[0m
[0mGET /stylesheets/font-awesome.css [36m304 [0m0.390 ms - -[0m
[0mGET /stylesheets/main.css [36m304 [0m0.345 ms - -[0m
[0mGET /stylesheets/bootmetro.css [36m304 [0m0.309 ms - -[0m
[0mGET /stylesheets/bootmetro-icons.css [36m304 [0m0.300 ms - -[0m
[0mGET /stylesheets/registration.css [36m304 [0m0.314 ms - -[0m
[0mGET /stylesheets/_bootmetro.css [36m304 [0m0.294 ms - -[0m
[0mGET /stylesheets/bootmetro-responsive.css [36m304 [0m0.293 ms - -[0m
[0mGET /stylesheets/rrweb.css [36m304 [0m0.325 ms - -[0m
[0mGET /javascripts/modernizr-2.6.2-respond-1.1.0.js [36m304 [0m0.468 ms - -[0m
[0mGET /javascripts/angular.js [36m304 [0m0.440 ms - -[0m
[0mGET /javascripts/angular-resource.js [36m304 [0m0.281 ms - -[0m
[0mGET /javascripts/app.js [36m304 [0m0.318 ms - -[0m
[0mGET /images/mainLogo.png [36m304 [0m0.534 ms - -[0m
[0mGET /images/R.png [36m304 [0m0.858 ms - -[0m
[0mGET /AboutUs [32m200 [0m1.266 ms - 2689[0m
[0mGET /stylesheets/font-awesome.css [36m304 [0m0.397 ms - -[0m
[0mGET /stylesheets/main.css [36m304 [0m0.340 ms - -[0m
[0mGET /stylesheets/bootmetro.css [36m304 [0m0.361 ms - -[0m
[0mGET /stylesheets/bootmetro-responsive.css [36m304 [0m0.305 ms - -[0m
[0mGET /stylesheets/bootmetro-icons.css [36m304 [0m0.312 ms - -[0m
[0mGET /stylesheets/_bootmetro.css [36m304 [0m0.349 ms - -[0m
[0mGET /stylesheets/registration.css [36m304 [0m0.516 ms - -[0m
[0mGET /stylesheets/rrweb.css [36m304 [0m0.486 ms - -[0m
[0mGET /javascripts/modernizr-2.6.2-respond-1.1.0.js [36m304 [0m0.298 ms - -[0m
[0mGET /javascripts/angular.js [36m304 [0m0.310 ms - -[0m
[0mGET /javascripts/angular-resource.js [36m304 [0m0.313 ms - -[0m
[0mGET /javascripts/app.js [36m304 [0m0.341 ms - -[0m
[0mGET /images/mainLogo.png [36m304 [0m0.545 ms - -[0m
[0mGET /AboutUs [32m200 [0m1.162 ms - 2773[0m
[0mGET /stylesheets/font-awesome.css [36m304 [0m0.381 ms - -[0m
[0mGET /stylesheets/bootmetro.css [36m304 [0m0.406 ms - -[0m
[0mGET /stylesheets/bootmetro-icons.css [36m304 [0m0.636 ms - -[0m
[0mGET /stylesheets/registration.css [36m304 [0m0.548 ms - -[0m
[0mGET /stylesheets/bootmetro-responsive.css [36m304 [0m0.329 ms - -[0m
[0mGET /stylesheets/main.css [36m304 [0m0.596 ms - -[0m
[0mGET /stylesheets/_bootmetro.css [36m304 [0m0.305 ms - -[0m
[0mGET /stylesheets/rrweb.css [36m304 [0m0.342 ms - -[0m
[0mGET /javascripts/angular-resource.js [36m304 [0m0.345 ms - -[0m
[0mGET /javascripts/modernizr-2.6.2-respond-1.1.0.js [36m304 [0m0.496 ms - -[0m
[0mGET /javascripts/angular.js [36m304 [0m0.497 ms - -[0m
[0mGET /javascripts/app.js [36m304 [0m0.318 ms - -[0m
[0mGET /images/mainLogo.png [36m304 [0m0.496 ms - -[0m
[0mGET /AboutUs [32m200 [0m1.006 ms - 2821[0m
[0mGET /stylesheets/font-awesome.css [36m304 [0m0.391 ms - -[0m
[0mGET /stylesheets/_bootmetro.css [36m304 [0m0.334 ms - -[0m
[0mGET /stylesheets/bootmetro.css [36m304 [0m0.354 ms - -[0m
[0mGET /stylesheets/bootmetro-icons.css [36m304 [0m0.322 ms - -[0m
[0mGET /stylesheets/main.css [36m304 [0m0.272 ms - -[0m
[0mGET /stylesheets/registration.css [36m304 [0m0.263 ms - -[0m
[0mGET /stylesheets/bootmetro-responsive.css [36m304 [0m0.356 ms - -[0m
[0mGET /stylesheets/rrweb.css [36m304 [0m0.546 ms - -[0m
[0mGET /javascripts/modernizr-2.6.2-respond-1.1.0.js [36m304 [0m0.528 ms - -[0m
[0mGET /javascripts/angular.js [36m304 [0m0.495 ms - -[0m
[0mGET /javascripts/angular-resource.js [36m304 [0m0.482 ms - -[0m
[0mGET /javascripts/app.js [36m304 [0m0.301 ms - -[0m
[0mGET /images/mainLogo.png [36m304 [0m0.564 ms - -[0m
[0mGET /AboutUs [32m200 [0m1.086 ms - 2779[0m
[0mGET /stylesheets/font-awesome.css [36m304 [0m0.395 ms - -[0m
[0mGET /stylesheets/bootmetro.css [36m304 [0m0.620 ms - -[0m
[0mGET /stylesheets/main.css [36m304 [0m0.566 ms - -[0m
[0mGET /stylesheets/registration.css [36m304 [0m0.540 ms - -[0m
[0mGET /stylesheets/_bootmetro.css [36m304 [0m0.320 ms - -[0m
[0mGET /stylesheets/bootmetro-responsive.css [36m304 [0m0.306 ms - -[0m
[0mGET /stylesheets/bootmetro-icons.css [36m304 [0m0.300 ms - -[0m
[0mGET /stylesheets/rrweb.css [36m304 [0m0.566 ms - -[0m
[0mGET /javascripts/angular.js [36m304 [0m0.601 ms - -[0m
[0mGET /javascripts/modernizr-2.6.2-respond-1.1.0.js [36m304 [0m0.577 ms - -[0m
[0mGET /javascripts/angular-resource.js [36m304 [0m0.295 ms - -[0m
[0mGET /javascripts/app.js [36m304 [0m0.298 ms - -[0m
[0mGET /images/mainLogo.png [36m304 [0m0.515 ms - -[0m
[0mGET /AboutUs [32m200 [0m1.596 ms - 3407[0m
[0mGET /stylesheets/font-awesome.css [36m304 [0m0.494 ms - -[0m
[0mGET /stylesheets/_bootmetro.css [36m304 [0m0.605 ms - -[0m
[0mGET /stylesheets/bootmetro-icons.css [36m304 [0m0.344 ms - -[0m
[0mGET /stylesheets/bootmetro-responsive.css [36m304 [0m0.962 ms - -[0m
[0mGET /stylesheets/registration.css [36m304 [0m0.679 ms - -[0m
[0mGET /javascripts/modernizr-2.6.2-respond-1.1.0.js [36m304 [0m0.423 ms - -[0m
[0mGET /javascripts/angular.js [36m304 [0m0.363 ms - -[0m
[0mGET /stylesheets/main.css [36m304 [0m0.304 ms - -[0m
[0mGET /stylesheets/rrweb.css [36m304 [0m0.305 ms - -[0m
[0mGET /javascripts/angular-resource.js [36m304 [0m0.443 ms - -[0m
[0mGET /stylesheets/bootmetro.css [36m304 [0m0.360 ms - -[0m
[0mGET /javascripts/app.js [36m304 [0m0.297 ms - -[0m
[0mGET /images/mainLogo.png [36m304 [0m0.536 ms - -[0m
[0mGET /AboutUs [32m200 [0m1.079 ms - 3491[0m
[0mGET /stylesheets/font-awesome.css [36m304 [0m0.472 ms - -[0m
[0mGET /stylesheets/bootmetro-responsive.css [36m304 [0m0.353 ms - -[0m
[0mGET /stylesheets/bootmetro.css [36m304 [0m0.820 ms - -[0m
[0mGET /stylesheets/main.css [36m304 [0m0.715 ms - -[0m
[0mGET /stylesheets/bootmetro-icons.css [36m304 [0m0.425 ms - -[0m
[0mGET /stylesheets/_bootmetro.css [36m304 [0m0.331 ms - -[0m
[0mGET /stylesheets/registration.css [36m304 [0m0.332 ms - -[0m
[0mGET /stylesheets/rrweb.css [36m304 [0m0.325 ms - -[0m
[0mGET /javascripts/modernizr-2.6.2-respond-1.1.0.js [36m304 [0m1.052 ms - -[0m
[0mGET /javascripts/app.js [36m304 [0m0.772 ms - -[0m
[0mGET /javascripts/angular-resource.js [36m304 [0m0.776 ms - -[0m
[0mGET /javascripts/angular.js [36m304 [0m0.769 ms - -[0m
[0mGET /images/mainLogo.png [36m304 [0m0.460 ms - -[0m
[0mGET /AboutUs [32m200 [0m1.130 ms - 3491[0m
[0mGET /stylesheets/font-awesome.css [36m304 [0m1.066 ms - -[0m
[0mGET /stylesheets/bootmetro.css [36m304 [0m0.957 ms - -[0m
[0mGET /stylesheets/bootmetro-responsive.css [36m304 [0m0.586 ms - -[0m
[0mGET /stylesheets/_bootmetro.css [36m304 [0m0.562 ms - -[0m
[0mGET /stylesheets/main.css [36m304 [0m0.338 ms - -[0m
[0mGET /stylesheets/bootmetro-icons.css [36m304 [0m0.455 ms - -[0m
[0mGET /stylesheets/registration.css [36m304 [0m0.459 ms - -[0m
[0mGET /stylesheets/rrweb.css [36m304 [0m1.552 ms - -[0m
[0mGET /javascripts/angular.js [36m304 [0m0.744 ms - -[0m
[0mGET /javascripts/modernizr-2.6.2-respond-1.1.0.js [36m304 [0m0.773 ms - -[0m
[0mGET /javascripts/angular-resource.js [36m304 [0m0.347 ms - -[0m
[0mGET /javascripts/app.js [36m304 [0m0.359 ms - -[0m
[0mGET /images/mainLogo.png [36m304 [0m0.524 ms - -[0m
[0mGET /AboutUs [32m200 [0m1.146 ms - 3491[0m
[0mGET /stylesheets/bootmetro-icons.css [36m304 [0m1.047 ms - -[0m
[0mGET /stylesheets/bootmetro-responsive.css [36m304 [0m1.058 ms - -[0m
[0mGET /stylesheets/font-awesome.css [36m304 [0m1.435 ms - -[0m
[0mGET /stylesheets/main.css [36m304 [0m1.398 ms - -[0m
[0mGET /stylesheets/_bootmetro.css [36m304 [0m0.308 ms - -[0m
[0mGET /stylesheets/bootmetro.css [36m304 [0m0.336 ms - -[0m
[0mGET /stylesheets/registration.css [36m304 [0m0.313 ms - -[0m
[0mGET /stylesheets/rrweb.css [36m304 [0m0.481 ms - -[0m
[0mGET /javascripts/angular.js [36m304 [0m0.472 ms - -[0m
[0mGET /javascripts/modernizr-2.6.2-respond-1.1.0.js [36m304 [0m0.368 ms - -[0m
[0mGET /javascripts/angular-resource.js [36m304 [0m0.328 ms - -[0m
[0mGET /javascripts/app.js [36m304 [0m0.363 ms - -[0m
[0mGET /images/mainLogo.png [36m304 [0m0.505 ms - -[0m
[0mGET /AboutUs [36m304 [0m0.887 ms - -[0m
[0mGET /stylesheets/font-awesome.css [36m304 [0m0.454 ms - -[0m
[0mGET /stylesheets/main.css [36m304 [0m0.453 ms - -[0m
[0mGET /stylesheets/bootmetro.css [36m304 [0m0.368 ms - -[0m
[0mGET /stylesheets/_bootmetro.css [36m304 [0m0.332 ms - -[0m
[0mGET /stylesheets/bootmetro-icons.css [36m304 [0m1.242 ms - -[0m
[0mGET /stylesheets/bootmetro-responsive.css [36m304 [0m0.342 ms - -[0m
[0mGET /stylesheets/registration.css [36m304 [0m0.315 ms - -[0m
[0mGET /stylesheets/rrweb.css [36m304 [0m0.338 ms - -[0m
[0mGET /javascripts/modernizr-2.6.2-respond-1.1.0.js [36m304 [0m0.341 ms - -[0m
[0mGET /javascripts/angular.js [36m304 [0m0.320 ms - -[0m
[0mGET /javascripts/app.js [36m304 [0m0.346 ms - -[0m
[0mGET /javascripts/angular-resource.js [36m304 [0m1.262 ms - -[0m
[0mGET /images/mainLogo.png [36m304 [0m0.538 ms - -[0m
[0mGET /images/R.png [36m304 [0m0.511 ms - -[0m
[0mGET /AboutUs [32m200 [0m1.900 ms - 3491[0m
[0mGET /stylesheets/font-awesome.css [36m304 [0m0.576 ms - -[0m
[0mGET /stylesheets/main.css [36m304 [0m0.327 ms - -[0m
[0mGET /stylesheets/_bootmetro.css [36m304 [0m0.573 ms - -[0m
[0mGET /stylesheets/bootmetro.css [36m304 [0m0.545 ms - -[0m
[0mGET /stylesheets/bootmetro-responsive.css [36m304 [0m0.295 ms - -[0m
[0mGET /stylesheets/bootmetro-icons.css [36m304 [0m0.387 ms - -[0m
[0mGET /stylesheets/registration.css [36m304 [0m0.602 ms - -[0m
[0mGET /stylesheets/rrweb.css [36m304 [0m0.311 ms - -[0m
[0mGET /javascripts/modernizr-2.6.2-respond-1.1.0.js [36m304 [0m0.316 ms - -[0m
[0mGET /javascripts/angular.js [36m304 [0m0.325 ms - -[0m
[0mGET /javascripts/angular-resource.js [36m304 [0m0.345 ms - -[0m
[0mGET /javascripts/app.js [36m304 [0m0.529 ms - -[0m
[0mGET /images/mainLogo.png [36m304 [0m0.496 ms - -[0m
[0mGET /images/R.png [36m304 [0m0.517 ms - -[0m
[0mGET /AboutUs [32m200 [0m1.108 ms - 3490[0m
[0mGET /stylesheets/font-awesome.css [36m304 [0m0.458 ms - -[0m
[0mGET /stylesheets/bootmetro-responsive.css [36m304 [0m0.770 ms - -[0m
[0mGET /stylesheets/bootmetro-icons.css [36m304 [0m0.733 ms - -[0m
[0mGET /stylesheets/main.css [36m304 [0m0.713 ms - -[0m
[0mGET /stylesheets/_bootmetro.css [36m304 [0m0.532 ms - -[0m
[0mGET /stylesheets/bootmetro.css [36m304 [0m0.484 ms - -[0m
[0mGET /stylesheets/registration.css [36m304 [0m0.337 ms - -[0m
[0mGET /stylesheets/rrweb.css [36m304 [0m0.330 ms - -[0m
[0mGET /javascripts/modernizr-2.6.2-respond-1.1.0.js [36m304 [0m0.331 ms - -[0m
[0mGET /javascripts/angular.js [36m304 [0m0.522 ms - -[0m
[0mGET /javascripts/angular-resource.js [36m304 [0m0.494 ms - -[0m
[0mGET /javascripts/app.js [36m304 [0m0.307 ms - -[0m
[0mGET /images/mainLogo.png [36m304 [0m0.488 ms - -[0m
[0mGET /images/R.png [36m304 [0m1.641 ms - -[0m
[0mGET /AboutUs [32m200 [0m1.156 ms - 3490[0m
[0mGET /stylesheets/font-awesome.css [36m304 [0m0.634 ms - -[0m
[0mGET /stylesheets/main.css [36m304 [0m0.570 ms - -[0m
[0mGET /stylesheets/_bootmetro.css [36m304 [0m0.313 ms - -[0m
[0mGET /stylesheets/bootmetro.css [36m304 [0m0.561 ms - -[0m
[0mGET /stylesheets/bootmetro-responsive.css [36m304 [0m0.530 ms - -[0m
[0mGET /stylesheets/bootmetro-icons.css [36m304 [0m0.326 ms - -[0m
[0mGET /stylesheets/registration.css [36m304 [0m0.332 ms - -[0m
[0mGET /stylesheets/rrweb.css [36m304 [0m0.325 ms - -[0m
[0mGET /javascripts/angular.js [36m304 [0m0.329 ms - -[0m
[0mGET /javascripts/modernizr-2.6.2-respond-1.1.0.js [36m304 [0m0.307 ms - -[0m
[0mGET /javascripts/angular-resource.js [36m304 [0m0.340 ms - -[0m
[0mGET /javascripts/app.js [36m304 [0m0.328 ms - -[0m
[0mGET /images/mainLogo.png [36m304 [0m0.437 ms - -[0m
[0mGET /images/R.png [36m304 [0m0.338 ms - -[0m
[0mGET / [32m200 [0m1.170 ms - 14566[0m
[0mGET / [36m304 [0m1.375 ms - -[0m
[0mGET /stylesheets/font-awesome.css [36m304 [0m0.545 ms - -[0m
[0mGET /stylesheets/bootmetro-responsive.css [36m304 [0m0.873 ms - -[0m
[0mGET /stylesheets/bootmetro-icons.css [36m304 [0m0.844 ms - -[0m
[0mGET /stylesheets/main.css [36m304 [0m0.306 ms - -[0m
[0mGET /stylesheets/bootmetro.css [36m304 [0m0.359 ms - -[0m
[0mGET /stylesheets/_bootmetro.css [36m304 [0m0.352 ms - -[0m
[0mGET /javascripts/modernizr-2.6.2-respond-1.1.0.js [36m304 [0m0.346 ms - -[0m
[0mGET /stylesheets/rrweb.css [36m304 [0m0.555 ms - -[0m
[0mGET /stylesheets/registration.css [36m304 [0m0.558 ms - -[0m
[0mGET /javascripts/angular.js [36m304 [0m0.314 ms - -[0m
[0mGET /javascripts/angular-resource.js [36m304 [0m0.329 ms - -[0m
[0mGET /javascripts/app.js [36m304 [0m0.318 ms - -[0m
[0mGET /images/RoadRunner.png [36m304 [0m0.645 ms - -[0m
[0mGET /images/zoom_out.png [36m304 [0m3.952 ms - -[0m
[0mGET /images/zoom_in.png [36m304 [0m3.350 ms - -[0m
[0mGET /images/mainLogo.png [36m304 [0m2.770 ms - -[0m
[0mGET /stylesheets/font-awesome.css [32m200 [0m3.147 ms - 22136[0m
[0mGET /stylesheets/main.css [32m200 [0m1.143 ms - 161[0m
[0mGET /stylesheets/bootmetro-responsive.css [32m200 [0m0.499 ms - 1242[0m
[0mGET /stylesheets/_bootmetro.css [32m200 [0m220.012 ms - 49859[0m
[0mGET /stylesheets/registration.css [32m200 [0m0.683 ms - 2081[0m
[0mGET /stylesheets/bootmetro-icons.css [32m200 [0m222.571 ms - 79904[0m
[0mGET /stylesheets/bootmetro.css [32m200 [0m445.210 ms - 233805[0m
[0mGET /javascripts/modernizr-2.6.2-respond-1.1.0.js [32m200 [0m1.115 ms - 19494[0m
[0mGET /stylesheets/rrweb.css [32m200 [0m0.603 ms - 4297[0m
[0mGET /javascripts/app.js [32m200 [0m0.725 ms - 10284[0m
[0mGET /javascripts/angular-resource.js [32m200 [0m0.792 ms - 21195[0m
[0mGET /images/R.png [32m200 [0m0.753 ms - 1586[0m
[0mGET /images/R.png [36m304 [0m0.512 ms - -[0m
[0mGET /javascripts/angular.js [32m200 [0m1324.272 ms - 567370[0m
[0mGET /images/RoadRunner.png [32m200 [0m0.774 ms - 11423[0m
[0mGET /images/zoom_out.png [32m200 [0m0.486 ms - 2071[0m
[0mGET /images/zoom_in.png [32m200 [0m0.495 ms - 2386[0m
[0mGET /images/mainLogo.png [32m200 [0m0.895 ms - 34996[0m

npm ERR! Linux 3.14.27-25.47.amzn1.x86_64
npm ERR! argv "node" "/usr/local/bin/npm" "start"
npm ERR! node v0.10.21
npm ERR! npm  v2.7.0
npm ERR! code ELIFECYCLE
npm ERR! roadrunner@0.0.0 start: `node ./bin/www`
npm ERR! Exit status 143
npm ERR! 
npm ERR! Failed at the roadrunner@0.0.0 start script 'node ./bin/www'.
npm ERR! This is most likely a problem with the roadrunner package,
npm ERR! not with npm itself.
npm ERR! Tell the author that this fails on your system:
npm ERR!     node ./bin/www
npm ERR! You can get their info via:
npm ERR!     npm owner ls roadrunner
npm ERR! There is likely additional logging output above.

npm ERR! Please include the following file with any support request:
npm ERR!     /var/roadrunner/npm-debug.log
